<?xml version="1.0" encoding="UTF-8"?>
<testsuite xmlns:xsi="http://www.w3.org/2001/XMLSchema-instance" xsi:noNamespaceSchemaLocation="https://maven.apache.org/surefire/maven-surefire-plugin/xsd/surefire-test-report-3.0.xsd" version="3.0" name="tek.sdet.framework.runner.TestRunner" time="260.79" tests="22" errors="0" skipped="0" failures="0">
  <properties>
[...]
</properties>
  <testcase name="Verify Shop by Department sidebar" classname="Home Page" time="2.364">
    <system-out><![CDATA[
@test
Scenario: Verify Shop by Department sidebar                    # features/Home.feature:7
{browser=chrome, headless=false, url=https://tek-retail-ui.azurewebsites.net/}
 INFO [main] (SignInSteps.java:28)- user is on retail website
 INFO [main] (SignInSteps.java:29)- Actual Title React App Equals  ExpectedTitle React App
  Given User is on retail website                              # tek.sdet.framework.steps.SignInSteps.userIsOnRetailWebsite()
 INFO [main] (HomeSteps.java:24)- User clicked on All section
  When User click on All section                               # tek.sdet.framework.steps.HomeSteps.userClickOnAllSection()
 INFO [main] (HomeSteps.java:35)- Electronics is equal Electronics
 INFO [main] (HomeSteps.java:35)- Computers is equal Computers
 INFO [main] (HomeSteps.java:35)- Smart Home is equal Smart Home
 INFO [main] (HomeSteps.java:35)- Sports is equal Sports
 INFO [main] (HomeSteps.java:35)- Automative is equal Automative
  Then Below options are present in Shop by Department sidebar # tek.sdet.framework.steps.HomeSteps.belowOptionsArePresentInShopByDepartmentSidebar(io.cucumber.datatable.DataTable)
    | Electronics | Computers | Smart Home | Sports | Automative |
]]></system-out>
    <system-err><![CDATA[SLF4J: Failed to load class "org.slf4j.impl.StaticLoggerBinder".
SLF4J: Defaulting to no-operation (NOP) logger implementation
SLF4J: See http://www.slf4j.org/codes.html#StaticLoggerBinder for further details.
ERROR StatusLogger Log4j2 could not find a logging implementation. Please add log4j-core to the classpath. Using SimpleLogger to log to the console...
Starting ChromeDriver 110.0.5481.77 (65ed616c6e8ee3fe0ad64fe83796c020644d42af-refs/branch-heads/5481@{#839}) on port 58117
Only local connections are allowed.
Please see https://chromedriver.chromium.org/security-considerations for suggestions on keeping ChromeDriver safe.
ChromeDriver was started successfully.
[1677965639.291][WARNING]: virtual void DevToolsClientImpl::AddListener(DevToolsEventListener *) subscribing a listener to the already connected DevToolsClient. Connection notification will not arrive.
Mar 04, 2023 4:33:59 PM org.openqa.selenium.remote.ProtocolHandshake createSession
INFO: Detected upstream dialect: W3C
Mar 04, 2023 4:33:59 PM org.openqa.selenium.devtools.CdpVersionFinder findNearestMatch
WARNING: Unable to find an exact match for CDP version 110, so returning the closest version found: a no-op implementation
Mar 04, 2023 4:33:59 PM org.openqa.selenium.devtools.CdpVersionFinder findNearestMatch
INFO: Unable to find CDP implementation matching 110.
Mar 04, 2023 4:33:59 PM org.openqa.selenium.chromium.ChromiumDriver lambda$new$3
WARNING: Unable to find version of CDP to use for . You may need to include a dependency on a specific version of the CDP using something similar to `org.seleniumhq.selenium:selenium-devtools-v86:4.4.0` where the version ("v86") matches the version of the chromium-based browser you're using and the version number of the artifact is the same as Selenium's.
]]></system-err>
  </testcase>
  <testcase name="Verify department sidebar options #1" classname="Home Page" time="1.449">
    <system-out><![CDATA[
@test
Scenario Outline: Verify department sidebar options # features/Home.feature:20
{browser=chrome, headless=false, url=https://tek-retail-ui.azurewebsites.net/}
 INFO [main] (SignInSteps.java:28)- user is on retail website
 INFO [main] (SignInSteps.java:29)- Actual Title React App Equals  ExpectedTitle React App
  Given User is on retail website                   # tek.sdet.framework.steps.SignInSteps.userIsOnRetailWebsite()
 INFO [main] (HomeSteps.java:24)- User clicked on All section
  When User click on All section                    # tek.sdet.framework.steps.HomeSteps.userClickOnAllSection()
  And User on 'Electronics'                         # tek.sdet.framework.steps.HomeSteps.userOnDepartment(java.lang.String)
 INFO [main] (HomeSteps.java:69)- TV & Videois present
 INFO [main] (HomeSteps.java:69)- Video Gamesis present
  Then Below options are present in department      # tek.sdet.framework.steps.HomeSteps.belowOptionsArePresentInDepartment(io.cucumber.datatable.DataTable)
    | TV & Video | Video Games |
]]></system-out>
    <system-err><![CDATA[Starting ChromeDriver 110.0.5481.77 (65ed616c6e8ee3fe0ad64fe83796c020644d42af-refs/branch-heads/5481@{#839}) on port 58578
Only local connections are allowed.
Please see https://chromedriver.chromium.org/security-considerations for suggestions on keeping ChromeDriver safe.
ChromeDriver was started successfully.
[1677965640.895][WARNING]: virtual void DevToolsClientImpl::AddListener(DevToolsEventListener *) subscribing a listener to the already connected DevToolsClient. Connection notification will not arrive.
Mar 04, 2023 4:34:00 PM org.openqa.selenium.remote.ProtocolHandshake createSession
INFO: Detected upstream dialect: W3C
Mar 04, 2023 4:34:00 PM org.openqa.selenium.devtools.CdpVersionFinder findNearestMatch
WARNING: Unable to find an exact match for CDP version 110, so returning the closest version found: a no-op implementation
Mar 04, 2023 4:34:00 PM org.openqa.selenium.devtools.CdpVersionFinder findNearestMatch
INFO: Unable to find CDP implementation matching 110.
Mar 04, 2023 4:34:00 PM org.openqa.selenium.chromium.ChromiumDriver lambda$new$3
WARNING: Unable to find version of CDP to use for . You may need to include a dependency on a specific version of the CDP using something similar to `org.seleniumhq.selenium:selenium-devtools-v86:4.4.0` where the version ("v86") matches the version of the chromium-based browser you're using and the version number of the artifact is the same as Selenium's.
]]></system-err>
  </testcase>
  <testcase name="Verify department sidebar options #2" classname="Home Page" time="1.442">
    <system-out><![CDATA[
@test
Scenario Outline: Verify department sidebar options # features/Home.feature:21
{browser=chrome, headless=false, url=https://tek-retail-ui.azurewebsites.net/}
 INFO [main] (SignInSteps.java:28)- user is on retail website
 INFO [main] (SignInSteps.java:29)- Actual Title React App Equals  ExpectedTitle React App
  Given User is on retail website                   # tek.sdet.framework.steps.SignInSteps.userIsOnRetailWebsite()
 INFO [main] (HomeSteps.java:24)- User clicked on All section
  When User click on All section                    # tek.sdet.framework.steps.HomeSteps.userClickOnAllSection()
  And User on 'Computers'                           # tek.sdet.framework.steps.HomeSteps.userOnDepartment(java.lang.String)
 INFO [main] (HomeSteps.java:69)- Accessoriesis present
 INFO [main] (HomeSteps.java:69)- Networkingis present
  Then Below options are present in department      # tek.sdet.framework.steps.HomeSteps.belowOptionsArePresentInDepartment(io.cucumber.datatable.DataTable)
    | Accessories | Networking |
]]></system-out>
    <system-err><![CDATA[Starting ChromeDriver 110.0.5481.77 (65ed616c6e8ee3fe0ad64fe83796c020644d42af-refs/branch-heads/5481@{#839}) on port 61028
Only local connections are allowed.
Please see https://chromedriver.chromium.org/security-considerations for suggestions on keeping ChromeDriver safe.
ChromeDriver was started successfully.
[1677965642.341][WARNING]: virtual void DevToolsClientImpl::AddListener(DevToolsEventListener *) subscribing a listener to the already connected DevToolsClient. Connection notification will not arrive.
Mar 04, 2023 4:34:02 PM org.openqa.selenium.remote.ProtocolHandshake createSession
INFO: Detected upstream dialect: W3C
Mar 04, 2023 4:34:02 PM org.openqa.selenium.devtools.CdpVersionFinder findNearestMatch
WARNING: Unable to find an exact match for CDP version 110, so returning the closest version found: a no-op implementation
Mar 04, 2023 4:34:02 PM org.openqa.selenium.devtools.CdpVersionFinder findNearestMatch
INFO: Unable to find CDP implementation matching 110.
Mar 04, 2023 4:34:02 PM org.openqa.selenium.chromium.ChromiumDriver lambda$new$3
WARNING: Unable to find version of CDP to use for . You may need to include a dependency on a specific version of the CDP using something similar to `org.seleniumhq.selenium:selenium-devtools-v86:4.4.0` where the version ("v86") matches the version of the chromium-based browser you're using and the version number of the artifact is the same as Selenium's.
]]></system-err>
  </testcase>
  <testcase name="Verify department sidebar options #3" classname="Home Page" time="1.441">
    <system-out><![CDATA[
@test
Scenario Outline: Verify department sidebar options # features/Home.feature:22
{browser=chrome, headless=false, url=https://tek-retail-ui.azurewebsites.net/}
 INFO [main] (SignInSteps.java:28)- user is on retail website
 INFO [main] (SignInSteps.java:29)- Actual Title React App Equals  ExpectedTitle React App
  Given User is on retail website                   # tek.sdet.framework.steps.SignInSteps.userIsOnRetailWebsite()
 INFO [main] (HomeSteps.java:24)- User clicked on All section
  When User click on All section                    # tek.sdet.framework.steps.HomeSteps.userClickOnAllSection()
  And User on 'Smart Home'                          # tek.sdet.framework.steps.HomeSteps.userOnDepartment(java.lang.String)
 INFO [main] (HomeSteps.java:69)- Smart Home Lightningis present
 INFO [main] (HomeSteps.java:69)- Plugs and Outletsis present
  Then Below options are present in department      # tek.sdet.framework.steps.HomeSteps.belowOptionsArePresentInDepartment(io.cucumber.datatable.DataTable)
    | Smart Home Lightning | Plugs and Outlets |
]]></system-out>
    <system-err><![CDATA[Starting ChromeDriver 110.0.5481.77 (65ed616c6e8ee3fe0ad64fe83796c020644d42af-refs/branch-heads/5481@{#839}) on port 65129
Only local connections are allowed.
Please see https://chromedriver.chromium.org/security-considerations for suggestions on keeping ChromeDriver safe.
ChromeDriver was started successfully.
[1677965643.777][WARNING]: virtual void DevToolsClientImpl::AddListener(DevToolsEventListener *) subscribing a listener to the already connected DevToolsClient. Connection notification will not arrive.
Mar 04, 2023 4:34:03 PM org.openqa.selenium.remote.ProtocolHandshake createSession
INFO: Detected upstream dialect: W3C
Mar 04, 2023 4:34:03 PM org.openqa.selenium.devtools.CdpVersionFinder findNearestMatch
WARNING: Unable to find an exact match for CDP version 110, so returning the closest version found: a no-op implementation
Mar 04, 2023 4:34:03 PM org.openqa.selenium.devtools.CdpVersionFinder findNearestMatch
INFO: Unable to find CDP implementation matching 110.
Mar 04, 2023 4:34:03 PM org.openqa.selenium.chromium.ChromiumDriver lambda$new$3
WARNING: Unable to find version of CDP to use for . You may need to include a dependency on a specific version of the CDP using something similar to `org.seleniumhq.selenium:selenium-devtools-v86:4.4.0` where the version ("v86") matches the version of the chromium-based browser you're using and the version number of the artifact is the same as Selenium's.
]]></system-err>
  </testcase>
  <testcase name="Verify department sidebar options #4" classname="Home Page" time="1.457">
    <system-out><![CDATA[
@test
Scenario Outline: Verify department sidebar options # features/Home.feature:23
{browser=chrome, headless=false, url=https://tek-retail-ui.azurewebsites.net/}
 INFO [main] (SignInSteps.java:28)- user is on retail website
 INFO [main] (SignInSteps.java:29)- Actual Title React App Equals  ExpectedTitle React App
  Given User is on retail website                   # tek.sdet.framework.steps.SignInSteps.userIsOnRetailWebsite()
 INFO [main] (HomeSteps.java:24)- User clicked on All section
  When User click on All section                    # tek.sdet.framework.steps.HomeSteps.userClickOnAllSection()
  And User on 'Sports'                              # tek.sdet.framework.steps.HomeSteps.userOnDepartment(java.lang.String)
 INFO [main] (HomeSteps.java:69)- Athletic Clothingis present
 INFO [main] (HomeSteps.java:69)- Exercise & Fitnessis present
  Then Below options are present in department      # tek.sdet.framework.steps.HomeSteps.belowOptionsArePresentInDepartment(io.cucumber.datatable.DataTable)
    | Athletic Clothing | Exercise & Fitness |
]]></system-out>
    <system-err><![CDATA[Starting ChromeDriver 110.0.5481.77 (65ed616c6e8ee3fe0ad64fe83796c020644d42af-refs/branch-heads/5481@{#839}) on port 64001
Only local connections are allowed.
Please see https://chromedriver.chromium.org/security-considerations for suggestions on keeping ChromeDriver safe.
ChromeDriver was started successfully.
[1677965645.217][WARNING]: virtual void DevToolsClientImpl::AddListener(DevToolsEventListener *) subscribing a listener to the already connected DevToolsClient. Connection notification will not arrive.
Mar 04, 2023 4:34:05 PM org.openqa.selenium.remote.ProtocolHandshake createSession
INFO: Detected upstream dialect: W3C
Mar 04, 2023 4:34:05 PM org.openqa.selenium.devtools.CdpVersionFinder findNearestMatch
WARNING: Unable to find an exact match for CDP version 110, so returning the closest version found: a no-op implementation
Mar 04, 2023 4:34:05 PM org.openqa.selenium.devtools.CdpVersionFinder findNearestMatch
INFO: Unable to find CDP implementation matching 110.
Mar 04, 2023 4:34:05 PM org.openqa.selenium.chromium.ChromiumDriver lambda$new$3
WARNING: Unable to find version of CDP to use for . You may need to include a dependency on a specific version of the CDP using something similar to `org.seleniumhq.selenium:selenium-devtools-v86:4.4.0` where the version ("v86") matches the version of the chromium-based browser you're using and the version number of the artifact is the same as Selenium's.
]]></system-err>
  </testcase>
  <testcase name="Verify department sidebar options #5" classname="Home Page" time="1.485">
    <system-out><![CDATA[
@test
Scenario Outline: Verify department sidebar options # features/Home.feature:24
{browser=chrome, headless=false, url=https://tek-retail-ui.azurewebsites.net/}
 INFO [main] (SignInSteps.java:28)- user is on retail website
 INFO [main] (SignInSteps.java:29)- Actual Title React App Equals  ExpectedTitle React App
  Given User is on retail website                   # tek.sdet.framework.steps.SignInSteps.userIsOnRetailWebsite()
 INFO [main] (HomeSteps.java:24)- User clicked on All section
  When User click on All section                    # tek.sdet.framework.steps.HomeSteps.userClickOnAllSection()
  And User on 'Automative'                          # tek.sdet.framework.steps.HomeSteps.userOnDepartment(java.lang.String)
 INFO [main] (HomeSteps.java:69)- Automative Parts & Accessoriesis present
 INFO [main] (HomeSteps.java:69)- MotorCycle & Powersportsis present
  Then Below options are present in department      # tek.sdet.framework.steps.HomeSteps.belowOptionsArePresentInDepartment(io.cucumber.datatable.DataTable)
    | Automative Parts & Accessories | MotorCycle & Powersports |
]]></system-out>
    <system-err><![CDATA[Starting ChromeDriver 110.0.5481.77 (65ed616c6e8ee3fe0ad64fe83796c020644d42af-refs/branch-heads/5481@{#839}) on port 62188
Only local connections are allowed.
Please see https://chromedriver.chromium.org/security-considerations for suggestions on keeping ChromeDriver safe.
ChromeDriver was started successfully.
[1677965646.690][WARNING]: virtual void DevToolsClientImpl::AddListener(DevToolsEventListener *) subscribing a listener to the already connected DevToolsClient. Connection notification will not arrive.
Mar 04, 2023 4:34:06 PM org.openqa.selenium.remote.ProtocolHandshake createSession
INFO: Detected upstream dialect: W3C
Mar 04, 2023 4:34:06 PM org.openqa.selenium.devtools.CdpVersionFinder findNearestMatch
WARNING: Unable to find an exact match for CDP version 110, so returning the closest version found: a no-op implementation
Mar 04, 2023 4:34:06 PM org.openqa.selenium.devtools.CdpVersionFinder findNearestMatch
INFO: Unable to find CDP implementation matching 110.
Mar 04, 2023 4:34:06 PM org.openqa.selenium.chromium.ChromiumDriver lambda$new$3
WARNING: Unable to find version of CDP to use for . You may need to include a dependency on a specific version of the CDP using something similar to `org.seleniumhq.selenium:selenium-devtools-v86:4.4.0` where the version ("v86") matches the version of the chromium-based browser you're using and the version number of the artifact is the same as Selenium's.
]]></system-err>
  </testcase>
  <testcase name="Verify User can add an item to cart" classname="Home Page" time="22.338">
    <system-out><![CDATA[
@test
Scenario: Verify User can add an item to cart                     # features/Home.feature:26
{browser=chrome, headless=false, url=https://tek-retail-ui.azurewebsites.net/}
 INFO [main] (SignInSteps.java:28)- user is on retail website
 INFO [main] (SignInSteps.java:29)- Actual Title React App Equals  ExpectedTitle React App
  Given User is on retail website                                 # tek.sdet.framework.steps.SignInSteps.userIsOnRetailWebsite()
 INFO [main] (SignInSteps.java:36)- User clicked on Sign in option
  When User click on Sign in option                               # tek.sdet.framework.steps.SignInSteps.userClickOnSignIn()
 INFO [main] (SignInSteps.java:51)- User entered email khris@gmail.com and password 1234@Qwer
  And User enter email 'khris@gmail.com' and password '1234@Qwer' # tek.sdet.framework.steps.SignInSteps.userEnterEmailAndPassword(java.lang.String,java.lang.String)
 INFO [main] (SignInSteps.java:57)- User clicked on login button
  And User click on login button                                  # tek.sdet.framework.steps.SignInSteps.userClickOnLoginBtn()
 INFO [main] (SignInSteps.java:63)- User should be logged in into Account
  And User should be logged in into Account                       # tek.sdet.framework.steps.SignInSteps.userLoggedIntoAccount()
 INFO [main] (HomeSteps.java:83)- User changed the category to Smart Home
  And User change the category to 'Smart Home'                    # tek.sdet.framework.steps.HomeSteps.userChangeTheCategoryTo(java.lang.String)
 INFO [main] (HomeSteps.java:89)- User searched for an item kasa outdoor smart plug
  And User search for an item 'kasa outdoor smart plug'           # tek.sdet.framework.steps.HomeSteps.userSearchForAnItem(java.lang.String)
 INFO [main] (HomeSteps.java:95)- User clicked on Search icon
  And User click on Search icon                                   # tek.sdet.framework.steps.HomeSteps.userClickOnSearchIcon()
 INFO [main] (HomeSteps.java:101)- User clicked on item
  And User click on item                                          # tek.sdet.framework.steps.HomeSteps.userClickOnItem()
 INFO [main] (HomeSteps.java:107)- User select quantity2
  And User select quantity '2'                                    # tek.sdet.framework.steps.HomeSteps.userSelectQuantity(java.lang.String)
 INFO [main] (HomeSteps.java:114)- User clicked add to Cart button
  And User click add to Cart button                               # tek.sdet.framework.steps.HomeSteps.userclickAddToCartButton()
 INFO [main] (HomeSteps.java:121)- There are 2 in the cart, and it should be 2
  Then The cart icon quantity should change to '2'                # tek.sdet.framework.steps.HomeSteps.theCartIconQuantityShouldChangeTo(java.lang.String)
]]></system-out>
    <system-err><![CDATA[Starting ChromeDriver 110.0.5481.77 (65ed616c6e8ee3fe0ad64fe83796c020644d42af-refs/branch-heads/5481@{#839}) on port 54046
Only local connections are allowed.
Please see https://chromedriver.chromium.org/security-considerations for suggestions on keeping ChromeDriver safe.
ChromeDriver was started successfully.
[1677965648.146][WARNING]: virtual void DevToolsClientImpl::AddListener(DevToolsEventListener *) subscribing a listener to the already connected DevToolsClient. Connection notification will not arrive.
Mar 04, 2023 4:34:08 PM org.openqa.selenium.remote.ProtocolHandshake createSession
INFO: Detected upstream dialect: W3C
Mar 04, 2023 4:34:08 PM org.openqa.selenium.devtools.CdpVersionFinder findNearestMatch
WARNING: Unable to find an exact match for CDP version 110, so returning the closest version found: a no-op implementation
Mar 04, 2023 4:34:08 PM org.openqa.selenium.devtools.CdpVersionFinder findNearestMatch
INFO: Unable to find CDP implementation matching 110.
Mar 04, 2023 4:34:08 PM org.openqa.selenium.chromium.ChromiumDriver lambda$new$3
WARNING: Unable to find version of CDP to use for . You may need to include a dependency on a specific version of the CDP using something similar to `org.seleniumhq.selenium:selenium-devtools-v86:4.4.0` where the version ("v86") matches the version of the chromium-based browser you're using and the version number of the artifact is the same as Selenium's.
]]></system-err>
  </testcase>
  <testcase name="Verify User can place an order without Shipping address and payment Method on file" classname="Home Page" time="24.657">
    <system-out><![CDATA[
@test
Scenario: Verify User can place an order without Shipping address and payment Method on file # features/Home.feature:39
{browser=chrome, headless=false, url=https://tek-retail-ui.azurewebsites.net/}
 INFO [main] (SignInSteps.java:28)- user is on retail website
 INFO [main] (SignInSteps.java:29)- Actual Title React App Equals  ExpectedTitle React App
  Given User is on retail website                                                            # tek.sdet.framework.steps.SignInSteps.userIsOnRetailWebsite()
 INFO [main] (SignInSteps.java:36)- User clicked on Sign in option
  When User click on Sign in option                                                          # tek.sdet.framework.steps.SignInSteps.userClickOnSignIn()
 INFO [main] (SignInSteps.java:51)- User entered email khris@gmail.com and password 1234@Qwer
  And User enter email 'khris@gmail.com' and password '1234@Qwer'                            # tek.sdet.framework.steps.SignInSteps.userEnterEmailAndPassword(java.lang.String,java.lang.String)
 INFO [main] (SignInSteps.java:57)- User clicked on login button
  And User click on login button                                                             # tek.sdet.framework.steps.SignInSteps.userClickOnLoginBtn()
 INFO [main] (SignInSteps.java:63)- User should be logged in into Account
  And User should be logged in into Account                                                  # tek.sdet.framework.steps.SignInSteps.userLoggedIntoAccount()
 INFO [main] (HomeSteps.java:83)- User changed the category to Smart Home
  And User change the category to 'Smart Home'                                               # tek.sdet.framework.steps.HomeSteps.userChangeTheCategoryTo(java.lang.String)
 INFO [main] (HomeSteps.java:89)- User searched for an item kasa outdoor smart plug
  And User search for an item 'kasa outdoor smart plug'                                      # tek.sdet.framework.steps.HomeSteps.userSearchForAnItem(java.lang.String)
 INFO [main] (HomeSteps.java:95)- User clicked on Search icon
  And User click on Search icon                                                              # tek.sdet.framework.steps.HomeSteps.userClickOnSearchIcon()
 INFO [main] (HomeSteps.java:101)- User clicked on item
  And User click on item                                                                     # tek.sdet.framework.steps.HomeSteps.userClickOnItem()
 INFO [main] (HomeSteps.java:107)- User select quantity2
  And User select quantity '2'                                                               # tek.sdet.framework.steps.HomeSteps.userSelectQuantity(java.lang.String)
 INFO [main] (HomeSteps.java:114)- User clicked add to Cart button
  And User click add to Cart button                                                          # tek.sdet.framework.steps.HomeSteps.userclickAddToCartButton()
 INFO [main] (HomeSteps.java:121)- There are 2 in the cart, and it should be 2
  Then The cart icon quantity should change to '2'                                           # tek.sdet.framework.steps.HomeSteps.theCartIconQuantityShouldChangeTo(java.lang.String)
 INFO [main] (HomeSteps.java:127)- User clicked on Cart option
  And User click on Cart option                                                              # tek.sdet.framework.steps.HomeSteps.userClickOnCartOption()
 INFO [main] (HomeSteps.java:132)- User clicked on Proceed to Checkout button
  And User click on Proceed to Checkout button                                               # tek.sdet.framework.steps.HomeSteps.userClickOnProceedToCheckoutButton()
 INFO [main] (HomeSteps.java:137)- User clicked Add a new address link for shipping address
  And User click Add a new address link for shipping address                                 # tek.sdet.framework.steps.HomeSteps.userClickAddANewAddressLinkForShippingAddress()
 INFO [main] (RetailAccountSteps.java:204)- User filled new address form
  And User fill new address form with below information                                      # tek.sdet.framework.steps.RetailAccountSteps.userFillNewAddressFormWithBelowInformation(io.cucumber.datatable.DataTable)
    | country | fullName | phoneNumber | streetAddress | apt | city | state | zipCode |
 INFO [main] (RetailAccountSteps.java:229)- User clicked Add Your Address button
  And User click Add Your Address button                                                     # tek.sdet.framework.steps.RetailAccountSteps.userClickAddYourAddressButton()
 INFO [main] (HomeSteps.java:142)- User clicked Add a credit card or Debit Card for Payment method
  And User click Add a credit card or Debit Card for Payment method                          # tek.sdet.framework.steps.HomeSteps.userClickAddACreditCardOrDebitCardForPaymentMethod()
 INFO [main] (RetailAccountSteps.java:98)- User filled Debit or credit card information
  And User fill Debit or credit card information                                             # tek.sdet.framework.steps.RetailAccountSteps.userFillDebitOrCreditCardInfo(io.cucumber.datatable.DataTable)
    | cardNumber | nameOnCard | expirationMonth | expirationYear | securityCode |
    | cardNumber | fullName   | 6               | 2023           | securityCode |
 INFO [main] (RetailAccountSteps.java:104)- User clicked on Add your card button
  And User click on Add your card button                                                     # tek.sdet.framework.steps.RetailAccountSteps.userClickOnAddYourCardBtn()
 INFO [main] (HomeSteps.java:147)- User clicked on Place Your Order
  And User click on Place Your Order                                                         # tek.sdet.framework.steps.HomeSteps.userClickOnPlaceYourOrder()
 INFO [main] (HomeSteps.java:152)- A message should be displayed ‘Order Placed, Thanks’
  Then A message should be displayed â€˜Order Placed, Thanksâ€™                                  # tek.sdet.framework.steps.HomeSteps.aMessageShouldBeDisplayedOrderPlacedThanks()
]]></system-out>
    <system-err><![CDATA[Starting ChromeDriver 110.0.5481.77 (65ed616c6e8ee3fe0ad64fe83796c020644d42af-refs/branch-heads/5481@{#839}) on port 61591
Only local connections are allowed.
Please see https://chromedriver.chromium.org/security-considerations for suggestions on keeping ChromeDriver safe.
ChromeDriver was started successfully.
[1677965670.498][WARNING]: virtual void DevToolsClientImpl::AddListener(DevToolsEventListener *) subscribing a listener to the already connected DevToolsClient. Connection notification will not arrive.
Mar 04, 2023 4:34:30 PM org.openqa.selenium.remote.ProtocolHandshake createSession
INFO: Detected upstream dialect: W3C
Mar 04, 2023 4:34:30 PM org.openqa.selenium.devtools.CdpVersionFinder findNearestMatch
WARNING: Unable to find an exact match for CDP version 110, so returning the closest version found: a no-op implementation
Mar 04, 2023 4:34:30 PM org.openqa.selenium.devtools.CdpVersionFinder findNearestMatch
INFO: Unable to find CDP implementation matching 110.
Mar 04, 2023 4:34:30 PM org.openqa.selenium.chromium.ChromiumDriver lambda$new$3
WARNING: Unable to find version of CDP to use for . You may need to include a dependency on a specific version of the CDP using something similar to `org.seleniumhq.selenium:selenium-devtools-v86:4.4.0` where the version ("v86") matches the version of the chromium-based browser you're using and the version number of the artifact is the same as Selenium's.
]]></system-err>
  </testcase>
  <testcase name="Verify User can place an order with Shipping address and payment Method on file" classname="Home Page" time="22.586">
    <system-out><![CDATA[
@test
Scenario: Verify User can place an order with Shipping address and payment Method on file # features/Home.feature:65
{browser=chrome, headless=false, url=https://tek-retail-ui.azurewebsites.net/}
 INFO [main] (SignInSteps.java:28)- user is on retail website
 INFO [main] (SignInSteps.java:29)- Actual Title React App Equals  ExpectedTitle React App
  Given User is on retail website                                                         # tek.sdet.framework.steps.SignInSteps.userIsOnRetailWebsite()
 INFO [main] (SignInSteps.java:36)- User clicked on Sign in option
  When User click on Sign in option                                                       # tek.sdet.framework.steps.SignInSteps.userClickOnSignIn()
 INFO [main] (SignInSteps.java:51)- User entered email khris@gmail.com and password 1234@Qwer
  And User enter email 'khris@gmail.com' and password '1234@Qwer'                         # tek.sdet.framework.steps.SignInSteps.userEnterEmailAndPassword(java.lang.String,java.lang.String)
 INFO [main] (SignInSteps.java:57)- User clicked on login button
  And User click on login button                                                          # tek.sdet.framework.steps.SignInSteps.userClickOnLoginBtn()
 INFO [main] (SignInSteps.java:63)- User should be logged in into Account
  And User should be logged in into Account                                               # tek.sdet.framework.steps.SignInSteps.userLoggedIntoAccount()
 INFO [main] (HomeSteps.java:83)- User changed the category to Electronics
  And User change the category to 'Electronics'                                           # tek.sdet.framework.steps.HomeSteps.userChangeTheCategoryTo(java.lang.String)
 INFO [main] (HomeSteps.java:89)- User searched for an item Apex Legends
  And User search for an item 'Apex Legends'                                              # tek.sdet.framework.steps.HomeSteps.userSearchForAnItem(java.lang.String)
 INFO [main] (HomeSteps.java:95)- User clicked on Search icon
  And User click on Search icon                                                           # tek.sdet.framework.steps.HomeSteps.userClickOnSearchIcon()
 INFO [main] (HomeSteps.java:101)- User clicked on item
  And User click on item                                                                  # tek.sdet.framework.steps.HomeSteps.userClickOnItem()
 INFO [main] (HomeSteps.java:107)- User select quantity5
  And User select quantity '5'                                                            # tek.sdet.framework.steps.HomeSteps.userSelectQuantity(java.lang.String)
 INFO [main] (HomeSteps.java:114)- User clicked add to Cart button
  And User click add to Cart button                                                       # tek.sdet.framework.steps.HomeSteps.userclickAddToCartButton()
 INFO [main] (HomeSteps.java:121)- There are 5 in the cart, and it should be 5
  Then The cart icon quantity should change to '5'                                        # tek.sdet.framework.steps.HomeSteps.theCartIconQuantityShouldChangeTo(java.lang.String)
 INFO [main] (HomeSteps.java:127)- User clicked on Cart option
  And User click on Cart option                                                           # tek.sdet.framework.steps.HomeSteps.userClickOnCartOption()
 INFO [main] (HomeSteps.java:132)- User clicked on Proceed to Checkout button
  And User click on Proceed to Checkout button                                            # tek.sdet.framework.steps.HomeSteps.userClickOnProceedToCheckoutButton()
 INFO [main] (HomeSteps.java:147)- User clicked on Place Your Order
  And User click on Place Your Order                                                      # tek.sdet.framework.steps.HomeSteps.userClickOnPlaceYourOrder()
 INFO [main] (HomeSteps.java:152)- A message should be displayed ‘Order Placed, Thanks’
  Then A message should be displayed â€˜Order Placed, Thanksâ€™                               # tek.sdet.framework.steps.HomeSteps.aMessageShouldBeDisplayedOrderPlacedThanks()
]]></system-out>
    <system-err><![CDATA[Starting ChromeDriver 110.0.5481.77 (65ed616c6e8ee3fe0ad64fe83796c020644d42af-refs/branch-heads/5481@{#839}) on port 63505
Only local connections are allowed.
Please see https://chromedriver.chromium.org/security-considerations for suggestions on keeping ChromeDriver safe.
ChromeDriver was started successfully.
[1677965695.136][WARNING]: virtual void DevToolsClientImpl::AddListener(DevToolsEventListener *) subscribing a listener to the already connected DevToolsClient. Connection notification will not arrive.
Mar 04, 2023 4:34:55 PM org.openqa.selenium.remote.ProtocolHandshake createSession
INFO: Detected upstream dialect: W3C
Mar 04, 2023 4:34:55 PM org.openqa.selenium.devtools.CdpVersionFinder findNearestMatch
WARNING: Unable to find an exact match for CDP version 110, so returning the closest version found: a no-op implementation
Mar 04, 2023 4:34:55 PM org.openqa.selenium.devtools.CdpVersionFinder findNearestMatch
INFO: Unable to find CDP implementation matching 110.
Mar 04, 2023 4:34:55 PM org.openqa.selenium.chromium.ChromiumDriver lambda$new$3
WARNING: Unable to find version of CDP to use for . You may need to include a dependency on a specific version of the CDP using something similar to `org.seleniumhq.selenium:selenium-devtools-v86:4.4.0` where the version ("v86") matches the version of the chromium-based browser you're using and the version number of the artifact is the same as Selenium's.
]]></system-err>
  </testcase>
  <testcase name="Verify User can update Profile Information" classname="Retail Account Page" time="2.698">
    <system-out><![CDATA[
@test
Scenario: Verify User can update Profile Information                 # features/RetailAccount.feature:11
{browser=chrome, headless=false, url=https://tek-retail-ui.azurewebsites.net/}
 INFO [main] (SignInSteps.java:28)- user is on retail website
 INFO [main] (SignInSteps.java:29)- Actual Title React App Equals  ExpectedTitle React App
  Given User is on retail website                                    # tek.sdet.framework.steps.SignInSteps.userIsOnRetailWebsite()
 INFO [main] (SignInSteps.java:36)- User clicked on Sign in option
  When User click on Sign in option                                  # tek.sdet.framework.steps.SignInSteps.userClickOnSignIn()
 INFO [main] (SignInSteps.java:51)- User entered email chrismal@gmail.com and password Qwer@1234
  And User enter email 'chrismal@gmail.com' and password 'Qwer@1234' # tek.sdet.framework.steps.SignInSteps.userEnterEmailAndPassword(java.lang.String,java.lang.String)
 INFO [main] (SignInSteps.java:57)- User clicked on login button
  And User click on login button                                     # tek.sdet.framework.steps.SignInSteps.userClickOnLoginBtn()
 INFO [main] (SignInSteps.java:63)- User should be logged in into Account
  And User should be logged in into Account                          # tek.sdet.framework.steps.SignInSteps.userLoggedIntoAccount()
 INFO [main] (RetailAccountSteps.java:26)- user clicked on Account option
  When User click on Account option                                  # tek.sdet.framework.steps.RetailAccountSteps.userClickOnAccountOption()
 INFO [main] (RetailAccountSteps.java:35)- User updated Name MChris and Phone (105)1111111
  And User update Name 'MChris' and Phone '(105)1111111'             # tek.sdet.framework.steps.RetailAccountSteps.userUpdatePersonalInfo(java.lang.String,java.lang.String)
 INFO [main] (RetailAccountSteps.java:41)- User clicked on Update button
  And User click on Update button                                    # tek.sdet.framework.steps.RetailAccountSteps.userClickOnUpdateBtn()
 INFO [main] (RetailAccountSteps.java:48)- User profile information should be updated
  Then User profile information should be updated                    # tek.sdet.framework.steps.RetailAccountSteps.userProfileInfoShouldBeUpdated()
]]></system-out>
    <system-err><![CDATA[Starting ChromeDriver 110.0.5481.77 (65ed616c6e8ee3fe0ad64fe83796c020644d42af-refs/branch-heads/5481@{#839}) on port 55054
Only local connections are allowed.
Please see https://chromedriver.chromium.org/security-considerations for suggestions on keeping ChromeDriver safe.
ChromeDriver was started successfully.
[1677965717.742][WARNING]: virtual void DevToolsClientImpl::AddListener(DevToolsEventListener *) subscribing a listener to the already connected DevToolsClient. Connection notification will not arrive.
Mar 04, 2023 4:35:17 PM org.openqa.selenium.remote.ProtocolHandshake createSession
INFO: Detected upstream dialect: W3C
Mar 04, 2023 4:35:17 PM org.openqa.selenium.devtools.CdpVersionFinder findNearestMatch
WARNING: Unable to find an exact match for CDP version 110, so returning the closest version found: a no-op implementation
Mar 04, 2023 4:35:17 PM org.openqa.selenium.devtools.CdpVersionFinder findNearestMatch
INFO: Unable to find CDP implementation matching 110.
Mar 04, 2023 4:35:17 PM org.openqa.selenium.chromium.ChromiumDriver lambda$new$3
WARNING: Unable to find version of CDP to use for . You may need to include a dependency on a specific version of the CDP using something similar to `org.seleniumhq.selenium:selenium-devtools-v86:4.4.0` where the version ("v86") matches the version of the chromium-based browser you're using and the version number of the artifact is the same as Selenium's.
]]></system-err>
  </testcase>
  <testcase name="Verify User can add a payment method" classname="Retail Account Page" time="7.757">
    <system-out><![CDATA[
@test
Scenario: Verify User can add a payment method                           # features/RetailAccount.feature:17
{browser=chrome, headless=false, url=https://tek-retail-ui.azurewebsites.net/}
 INFO [main] (SignInSteps.java:28)- user is on retail website
 INFO [main] (SignInSteps.java:29)- Actual Title React App Equals  ExpectedTitle React App
  Given User is on retail website                                        # tek.sdet.framework.steps.SignInSteps.userIsOnRetailWebsite()
 INFO [main] (SignInSteps.java:36)- User clicked on Sign in option
  When User click on Sign in option                                      # tek.sdet.framework.steps.SignInSteps.userClickOnSignIn()
 INFO [main] (SignInSteps.java:51)- User entered email chrismal@gmail.com and password Qwer@1234
  And User enter email 'chrismal@gmail.com' and password 'Qwer@1234'     # tek.sdet.framework.steps.SignInSteps.userEnterEmailAndPassword(java.lang.String,java.lang.String)
 INFO [main] (SignInSteps.java:57)- User clicked on login button
  And User click on login button                                         # tek.sdet.framework.steps.SignInSteps.userClickOnLoginBtn()
 INFO [main] (SignInSteps.java:63)- User should be logged in into Account
  And User should be logged in into Account                              # tek.sdet.framework.steps.SignInSteps.userLoggedIntoAccount()
 INFO [main] (RetailAccountSteps.java:26)- user clicked on Account option
  When User click on Account option                                      # tek.sdet.framework.steps.RetailAccountSteps.userClickOnAccountOption()
 INFO [main] (RetailAccountSteps.java:79)- User clicked on Add a payment method link
  And User click on Add a payment method link                            # tek.sdet.framework.steps.RetailAccountSteps.userClickOnAddPaymentMethodLink()
 INFO [main] (RetailAccountSteps.java:98)- User filled Debit or credit card information
  And User fill Debit or credit card information                         # tek.sdet.framework.steps.RetailAccountSteps.userFillDebitOrCreditCardInfo(io.cucumber.datatable.DataTable)
    | cardNumber | nameOnCard | expirationMonth | expirationYear | securityCode |
    | cardNumber | fullName   | 6               | 2023           | securityCode |
 INFO [main] (RetailAccountSteps.java:104)- User clicked on Add your card button
  And User click on Add your card button                                 # tek.sdet.framework.steps.RetailAccountSteps.userClickOnAddYourCardBtn()
 INFO [main] (RetailAccountSteps.java:111)- A message should be displayed ‘Payment Method added successfully’
  Then A message should be displayed â€˜Payment Method added successfullyâ€™ # tek.sdet.framework.steps.RetailAccountSteps.paymentMethodAddedSuccessMessageShouldBeDisplayed()
]]></system-out>
    <system-err><![CDATA[Starting ChromeDriver 110.0.5481.77 (65ed616c6e8ee3fe0ad64fe83796c020644d42af-refs/branch-heads/5481@{#839}) on port 54382
Only local connections are allowed.
Please see https://chromedriver.chromium.org/security-considerations for suggestions on keeping ChromeDriver safe.
ChromeDriver was started successfully.
[1677965720.412][WARNING]: virtual void DevToolsClientImpl::AddListener(DevToolsEventListener *) subscribing a listener to the already connected DevToolsClient. Connection notification will not arrive.
Mar 04, 2023 4:35:20 PM org.openqa.selenium.remote.ProtocolHandshake createSession
INFO: Detected upstream dialect: W3C
Mar 04, 2023 4:35:20 PM org.openqa.selenium.devtools.CdpVersionFinder findNearestMatch
WARNING: Unable to find an exact match for CDP version 110, so returning the closest version found: a no-op implementation
Mar 04, 2023 4:35:20 PM org.openqa.selenium.devtools.CdpVersionFinder findNearestMatch
INFO: Unable to find CDP implementation matching 110.
Mar 04, 2023 4:35:20 PM org.openqa.selenium.chromium.ChromiumDriver lambda$new$3
WARNING: Unable to find version of CDP to use for . You may need to include a dependency on a specific version of the CDP using something similar to `org.seleniumhq.selenium:selenium-devtools-v86:4.4.0` where the version ("v86") matches the version of the chromium-based browser you're using and the version number of the artifact is the same as Selenium's.
]]></system-err>
  </testcase>
  <testcase name="Verify User can edit Debit or Credit card" classname="Retail Account Page" time="8.274">
    <system-out><![CDATA[
@test
Scenario: Verify User can edit Debit or Credit card                       # features/RetailAccount.feature:26
{browser=chrome, headless=false, url=https://tek-retail-ui.azurewebsites.net/}
 INFO [main] (SignInSteps.java:28)- user is on retail website
 INFO [main] (SignInSteps.java:29)- Actual Title React App Equals  ExpectedTitle React App
  Given User is on retail website                                         # tek.sdet.framework.steps.SignInSteps.userIsOnRetailWebsite()
 INFO [main] (SignInSteps.java:36)- User clicked on Sign in option
  When User click on Sign in option                                       # tek.sdet.framework.steps.SignInSteps.userClickOnSignIn()
 INFO [main] (SignInSteps.java:51)- User entered email chrismal@gmail.com and password Qwer@1234
  And User enter email 'chrismal@gmail.com' and password 'Qwer@1234'      # tek.sdet.framework.steps.SignInSteps.userEnterEmailAndPassword(java.lang.String,java.lang.String)
 INFO [main] (SignInSteps.java:57)- User clicked on login button
  And User click on login button                                          # tek.sdet.framework.steps.SignInSteps.userClickOnLoginBtn()
 INFO [main] (SignInSteps.java:63)- User should be logged in into Account
  And User should be logged in into Account                               # tek.sdet.framework.steps.SignInSteps.userLoggedIntoAccount()
 INFO [main] (RetailAccountSteps.java:26)- user clicked on Account option
  When User click on Account option                                       # tek.sdet.framework.steps.RetailAccountSteps.userClickOnAccountOption()
 INFO [main] (RetailAccountSteps.java:79)- User clicked on Add a payment method link
  And User click on Add a payment method link                             # tek.sdet.framework.steps.RetailAccountSteps.userClickOnAddPaymentMethodLink()
 INFO [main] (RetailAccountSteps.java:98)- User filled Debit or credit card information
  And User fill Debit or credit card information                          # tek.sdet.framework.steps.RetailAccountSteps.userFillDebitOrCreditCardInfo(io.cucumber.datatable.DataTable)
    | cardNumber | nameOnCard | expirationMonth | expirationYear | securityCode |
    | cardNumber | fullName   | 6               | 2023           | securityCode |
 INFO [main] (RetailAccountSteps.java:104)- User clicked on Add your card button
  And User click on Add your card button                                  # tek.sdet.framework.steps.RetailAccountSteps.userClickOnAddYourCardBtn()
 INFO [main] (RetailAccountSteps.java:118)- User clicked on Edit option of card section
  And User click on Edit option of card section                           # tek.sdet.framework.steps.RetailAccountSteps.userClickOnEditOptionOfCardSection()
 INFO [main] (RetailAccountSteps.java:134)- User edited information with below data
  And User edit information with below data                               # tek.sdet.framework.steps.RetailAccountSteps.userEditInformationWithBelowData(io.cucumber.datatable.DataTable)
    | cardNumber | nameOnCard | expirationMonth | expirationYear | securityCode |
    | cardNumber | fullName   | 6               | 2023           | securityCode |
 INFO [main] (RetailAccountSteps.java:151)- User clicked on Update Your Card button
  And User click on Update Your Card button                               # tek.sdet.framework.steps.RetailAccountSteps.userClickOnUpdateYourCardButton()
 INFO [main] (RetailAccountSteps.java:158)- A message should be displayed ‘Payment Method updated Successfully
  Then A message should be displayed â€˜Payment Method updated Successfully # tek.sdet.framework.steps.RetailAccountSteps.aMessageShouldBeDisplayedPaymentMethodUpdatedSuccessfully()
]]></system-out>
    <system-err><![CDATA[Starting ChromeDriver 110.0.5481.77 (65ed616c6e8ee3fe0ad64fe83796c020644d42af-refs/branch-heads/5481@{#839}) on port 54705
Only local connections are allowed.
Please see https://chromedriver.chromium.org/security-considerations for suggestions on keeping ChromeDriver safe.
ChromeDriver was started successfully.
[1677965728.159][WARNING]: virtual void DevToolsClientImpl::AddListener(DevToolsEventListener *) subscribing a listener to the already connected DevToolsClient. Connection notification will not arrive.
Mar 04, 2023 4:35:28 PM org.openqa.selenium.remote.ProtocolHandshake createSession
INFO: Detected upstream dialect: W3C
Mar 04, 2023 4:35:28 PM org.openqa.selenium.devtools.CdpVersionFinder findNearestMatch
WARNING: Unable to find an exact match for CDP version 110, so returning the closest version found: a no-op implementation
Mar 04, 2023 4:35:28 PM org.openqa.selenium.devtools.CdpVersionFinder findNearestMatch
INFO: Unable to find CDP implementation matching 110.
Mar 04, 2023 4:35:28 PM org.openqa.selenium.chromium.ChromiumDriver lambda$new$3
WARNING: Unable to find version of CDP to use for . You may need to include a dependency on a specific version of the CDP using something similar to `org.seleniumhq.selenium:selenium-devtools-v86:4.4.0` where the version ("v86") matches the version of the chromium-based browser you're using and the version number of the artifact is the same as Selenium's.
]]></system-err>
  </testcase>
  <testcase name="Verify User can remove Debit or Credit card" classname="Retail Account Page" time="27.315">
    <system-out><![CDATA[
@test
Scenario: Verify User can remove Debit or Credit card                # features/RetailAccount.feature:40
{browser=chrome, headless=false, url=https://tek-retail-ui.azurewebsites.net/}
 INFO [main] (SignInSteps.java:28)- user is on retail website
 INFO [main] (SignInSteps.java:29)- Actual Title React App Equals  ExpectedTitle React App
  Given User is on retail website                                    # tek.sdet.framework.steps.SignInSteps.userIsOnRetailWebsite()
 INFO [main] (SignInSteps.java:36)- User clicked on Sign in option
  When User click on Sign in option                                  # tek.sdet.framework.steps.SignInSteps.userClickOnSignIn()
 INFO [main] (SignInSteps.java:51)- User entered email chrismal@gmail.com and password Qwer@1234
  And User enter email 'chrismal@gmail.com' and password 'Qwer@1234' # tek.sdet.framework.steps.SignInSteps.userEnterEmailAndPassword(java.lang.String,java.lang.String)
 INFO [main] (SignInSteps.java:57)- User clicked on login button
  And User click on login button                                     # tek.sdet.framework.steps.SignInSteps.userClickOnLoginBtn()
 INFO [main] (SignInSteps.java:63)- User should be logged in into Account
  And User should be logged in into Account                          # tek.sdet.framework.steps.SignInSteps.userLoggedIntoAccount()
 INFO [main] (RetailAccountSteps.java:26)- user clicked on Account option
  When User click on Account option                                  # tek.sdet.framework.steps.RetailAccountSteps.userClickOnAccountOption()
 INFO [main] (RetailAccountSteps.java:79)- User clicked on Add a payment method link
  And User click on Add a payment method link                        # tek.sdet.framework.steps.RetailAccountSteps.userClickOnAddPaymentMethodLink()
 INFO [main] (RetailAccountSteps.java:98)- User filled Debit or credit card information
  And User fill Debit or credit card information                     # tek.sdet.framework.steps.RetailAccountSteps.userFillDebitOrCreditCardInfo(io.cucumber.datatable.DataTable)
    | cardNumber | nameOnCard | expirationMonth | expirationYear | securityCode |
    | cardNumber | fullName   | 6               | 2023           | securityCode |
 INFO [main] (RetailAccountSteps.java:104)- User clicked on Add your card button
  And User click on Add your card button                             # tek.sdet.framework.steps.RetailAccountSteps.userClickOnAddYourCardBtn()
 INFO [main] (RetailAccountSteps.java:166)- User clicked on remove option of card section
  And User click on remove option of card section                    # tek.sdet.framework.steps.RetailAccountSteps.userClickOnRemoveOptionOfCardSection()
 INFO [main] (RetailAccountSteps.java:177)- Payment details should be removed
  Then Payment details should be removed                             # tek.sdet.framework.steps.RetailAccountSteps.paymentDetailsShouldBeRemoved()
]]></system-out>
    <system-err><![CDATA[Starting ChromeDriver 110.0.5481.77 (65ed616c6e8ee3fe0ad64fe83796c020644d42af-refs/branch-heads/5481@{#839}) on port 63521
Only local connections are allowed.
Please see https://chromedriver.chromium.org/security-considerations for suggestions on keeping ChromeDriver safe.
ChromeDriver was started successfully.
[1677965736.489][WARNING]: virtual void DevToolsClientImpl::AddListener(DevToolsEventListener *) subscribing a listener to the already connected DevToolsClient. Connection notification will not arrive.
Mar 04, 2023 4:35:36 PM org.openqa.selenium.remote.ProtocolHandshake createSession
INFO: Detected upstream dialect: W3C
Mar 04, 2023 4:35:36 PM org.openqa.selenium.devtools.CdpVersionFinder findNearestMatch
WARNING: Unable to find an exact match for CDP version 110, so returning the closest version found: a no-op implementation
Mar 04, 2023 4:35:36 PM org.openqa.selenium.devtools.CdpVersionFinder findNearestMatch
INFO: Unable to find CDP implementation matching 110.
Mar 04, 2023 4:35:36 PM org.openqa.selenium.chromium.ChromiumDriver lambda$new$3
WARNING: Unable to find version of CDP to use for . You may need to include a dependency on a specific version of the CDP using something similar to `org.seleniumhq.selenium:selenium-devtools-v86:4.4.0` where the version ("v86") matches the version of the chromium-based browser you're using and the version number of the artifact is the same as Selenium's.
]]></system-err>
  </testcase>
  <testcase name="Verify User can remove Address from Account" classname="Retail Account Page" time="22.912">
    <system-out><![CDATA[
@test
Scenario: Verify User can remove Address from Account                # features/RetailAccount.feature:50
{browser=chrome, headless=false, url=https://tek-retail-ui.azurewebsites.net/}
 INFO [main] (SignInSteps.java:28)- user is on retail website
 INFO [main] (SignInSteps.java:29)- Actual Title React App Equals  ExpectedTitle React App
  Given User is on retail website                                    # tek.sdet.framework.steps.SignInSteps.userIsOnRetailWebsite()
 INFO [main] (SignInSteps.java:36)- User clicked on Sign in option
  When User click on Sign in option                                  # tek.sdet.framework.steps.SignInSteps.userClickOnSignIn()
 INFO [main] (SignInSteps.java:51)- User entered email chrismal@gmail.com and password Qwer@1234
  And User enter email 'chrismal@gmail.com' and password 'Qwer@1234' # tek.sdet.framework.steps.SignInSteps.userEnterEmailAndPassword(java.lang.String,java.lang.String)
 INFO [main] (SignInSteps.java:57)- User clicked on login button
  And User click on login button                                     # tek.sdet.framework.steps.SignInSteps.userClickOnLoginBtn()
 INFO [main] (SignInSteps.java:63)- User should be logged in into Account
  And User should be logged in into Account                          # tek.sdet.framework.steps.SignInSteps.userLoggedIntoAccount()
 INFO [main] (RetailAccountSteps.java:26)- user clicked on Account option
  When User click on Account option                                  # tek.sdet.framework.steps.RetailAccountSteps.userClickOnAccountOption()
 INFO [main] (RetailAccountSteps.java:184)- User clicked on Add address option
  And User click on Add address option                               # tek.sdet.framework.steps.RetailAccountSteps.userClickOnAddAddressOption()
 INFO [main] (RetailAccountSteps.java:204)- User filled new address form
  And User fill new address form with below information              # tek.sdet.framework.steps.RetailAccountSteps.userFillNewAddressFormWithBelowInformation(io.cucumber.datatable.DataTable)
    | country | fullName | phoneNumber | streetAddress | apt | city | state | zipCode |
 INFO [main] (RetailAccountSteps.java:229)- User clicked Add Your Address button
  And User click Add Your Address button                             # tek.sdet.framework.steps.RetailAccountSteps.userClickAddYourAddressButton()
 INFO [main] (RetailAccountSteps.java:264)- User clicked on remove option of Address section
  And User click on remove option of Address section                 # tek.sdet.framework.steps.RetailAccountSteps.userClickOnRemoveOptionOfAddressSection()
 INFO [main] (RetailAccountSteps.java:275)- Address details should be removed
  Then Address details should be removed                             # tek.sdet.framework.steps.RetailAccountSteps.addressDetailsShouldBeRemoved()
]]></system-out>
    <system-err><![CDATA[Starting ChromeDriver 110.0.5481.77 (65ed616c6e8ee3fe0ad64fe83796c020644d42af-refs/branch-heads/5481@{#839}) on port 61378
Only local connections are allowed.
Please see https://chromedriver.chromium.org/security-considerations for suggestions on keeping ChromeDriver safe.
ChromeDriver was started successfully.
[1677965763.790][WARNING]: virtual void DevToolsClientImpl::AddListener(DevToolsEventListener *) subscribing a listener to the already connected DevToolsClient. Connection notification will not arrive.
Mar 04, 2023 4:36:03 PM org.openqa.selenium.remote.ProtocolHandshake createSession
INFO: Detected upstream dialect: W3C
Mar 04, 2023 4:36:03 PM org.openqa.selenium.devtools.CdpVersionFinder findNearestMatch
WARNING: Unable to find an exact match for CDP version 110, so returning the closest version found: a no-op implementation
Mar 04, 2023 4:36:03 PM org.openqa.selenium.devtools.CdpVersionFinder findNearestMatch
INFO: Unable to find CDP implementation matching 110.
Mar 04, 2023 4:36:03 PM org.openqa.selenium.chromium.ChromiumDriver lambda$new$3
WARNING: Unable to find version of CDP to use for . You may need to include a dependency on a specific version of the CDP using something similar to `org.seleniumhq.selenium:selenium-devtools-v86:4.4.0` where the version ("v86") matches the version of the chromium-based browser you're using and the version number of the artifact is the same as Selenium's.
]]></system-err>
  </testcase>
  <testcase name="Verify User can add an Address" classname="Retail Account Page" time="3.235">
    <system-out><![CDATA[
@test
Scenario: Verify User can add an Address                             # features/RetailAccount.feature:59
{browser=chrome, headless=false, url=https://tek-retail-ui.azurewebsites.net/}
 INFO [main] (SignInSteps.java:28)- user is on retail website
 INFO [main] (SignInSteps.java:29)- Actual Title React App Equals  ExpectedTitle React App
  Given User is on retail website                                    # tek.sdet.framework.steps.SignInSteps.userIsOnRetailWebsite()
 INFO [main] (SignInSteps.java:36)- User clicked on Sign in option
  When User click on Sign in option                                  # tek.sdet.framework.steps.SignInSteps.userClickOnSignIn()
 INFO [main] (SignInSteps.java:51)- User entered email chrismal@gmail.com and password Qwer@1234
  And User enter email 'chrismal@gmail.com' and password 'Qwer@1234' # tek.sdet.framework.steps.SignInSteps.userEnterEmailAndPassword(java.lang.String,java.lang.String)
 INFO [main] (SignInSteps.java:57)- User clicked on login button
  And User click on login button                                     # tek.sdet.framework.steps.SignInSteps.userClickOnLoginBtn()
 INFO [main] (SignInSteps.java:63)- User should be logged in into Account
  And User should be logged in into Account                          # tek.sdet.framework.steps.SignInSteps.userLoggedIntoAccount()
 INFO [main] (RetailAccountSteps.java:26)- user clicked on Account option
  When User click on Account option                                  # tek.sdet.framework.steps.RetailAccountSteps.userClickOnAccountOption()
 INFO [main] (RetailAccountSteps.java:184)- User clicked on Add address option
  And User click on Add address option                               # tek.sdet.framework.steps.RetailAccountSteps.userClickOnAddAddressOption()
 INFO [main] (RetailAccountSteps.java:204)- User filled new address form
  And User fill new address form with below information              # tek.sdet.framework.steps.RetailAccountSteps.userFillNewAddressFormWithBelowInformation(io.cucumber.datatable.DataTable)
    | country | fullName | phoneNumber | streetAddress | apt | city | state | zipCode |
 INFO [main] (RetailAccountSteps.java:229)- User clicked Add Your Address button
  And User click Add Your Address button                             # tek.sdet.framework.steps.RetailAccountSteps.userClickAddYourAddressButton()
 INFO [main] (RetailAccountSteps.java:236)- A message should be displayed ‘Address Added Successfully’
  Then A message should be displayed â€˜Address Added Successfullyâ€™    # tek.sdet.framework.steps.RetailAccountSteps.aMessageShouldBeDisplayedAddressAddedSuccessfully()
]]></system-out>
    <system-err><![CDATA[Starting ChromeDriver 110.0.5481.77 (65ed616c6e8ee3fe0ad64fe83796c020644d42af-refs/branch-heads/5481@{#839}) on port 49573
Only local connections are allowed.
Please see https://chromedriver.chromium.org/security-considerations for suggestions on keeping ChromeDriver safe.
ChromeDriver was started successfully.
[1677965786.672][WARNING]: virtual void DevToolsClientImpl::AddListener(DevToolsEventListener *) subscribing a listener to the already connected DevToolsClient. Connection notification will not arrive.
Mar 04, 2023 4:36:26 PM org.openqa.selenium.remote.ProtocolHandshake createSession
INFO: Detected upstream dialect: W3C
Mar 04, 2023 4:36:26 PM org.openqa.selenium.devtools.CdpVersionFinder findNearestMatch
WARNING: Unable to find an exact match for CDP version 110, so returning the closest version found: a no-op implementation
Mar 04, 2023 4:36:26 PM org.openqa.selenium.devtools.CdpVersionFinder findNearestMatch
INFO: Unable to find CDP implementation matching 110.
Mar 04, 2023 4:36:26 PM org.openqa.selenium.chromium.ChromiumDriver lambda$new$3
WARNING: Unable to find version of CDP to use for . You may need to include a dependency on a specific version of the CDP using something similar to `org.seleniumhq.selenium:selenium-devtools-v86:4.4.0` where the version ("v86") matches the version of the chromium-based browser you're using and the version number of the artifact is the same as Selenium's.
]]></system-err>
  </testcase>
  <testcase name="Verify User can edit an Address added on account" classname="Retail Account Page" time="4.144">
    <system-out><![CDATA[
@test
Scenario: Verify User can edit an Address added on account           # features/RetailAccount.feature:67
{browser=chrome, headless=false, url=https://tek-retail-ui.azurewebsites.net/}
 INFO [main] (SignInSteps.java:28)- user is on retail website
 INFO [main] (SignInSteps.java:29)- Actual Title React App Equals  ExpectedTitle React App
  Given User is on retail website                                    # tek.sdet.framework.steps.SignInSteps.userIsOnRetailWebsite()
 INFO [main] (SignInSteps.java:36)- User clicked on Sign in option
  When User click on Sign in option                                  # tek.sdet.framework.steps.SignInSteps.userClickOnSignIn()
 INFO [main] (SignInSteps.java:51)- User entered email chrismal@gmail.com and password Qwer@1234
  And User enter email 'chrismal@gmail.com' and password 'Qwer@1234' # tek.sdet.framework.steps.SignInSteps.userEnterEmailAndPassword(java.lang.String,java.lang.String)
 INFO [main] (SignInSteps.java:57)- User clicked on login button
  And User click on login button                                     # tek.sdet.framework.steps.SignInSteps.userClickOnLoginBtn()
 INFO [main] (SignInSteps.java:63)- User should be logged in into Account
  And User should be logged in into Account                          # tek.sdet.framework.steps.SignInSteps.userLoggedIntoAccount()
 INFO [main] (RetailAccountSteps.java:26)- user clicked on Account option
  When User click on Account option                                  # tek.sdet.framework.steps.RetailAccountSteps.userClickOnAccountOption()
 INFO [main] (RetailAccountSteps.java:184)- User clicked on Add address option
  And User click on Add address option                               # tek.sdet.framework.steps.RetailAccountSteps.userClickOnAddAddressOption()
 INFO [main] (RetailAccountSteps.java:204)- User filled new address form
  And User fill new address form with below information              # tek.sdet.framework.steps.RetailAccountSteps.userFillNewAddressFormWithBelowInformation(io.cucumber.datatable.DataTable)
    | country | fullName | phoneNumber | streetAddress | apt | city | state | zipCode |
 INFO [main] (RetailAccountSteps.java:229)- User clicked Add Your Address button
  And User click Add Your Address button                             # tek.sdet.framework.steps.RetailAccountSteps.userClickAddYourAddressButton()
 INFO [main] (RetailAccountSteps.java:243)- User clicked on edit address option
  And User click on edit address option                              # tek.sdet.framework.steps.RetailAccountSteps.userClickOnEditAddressOption()
 INFO [main] (RetailAccountSteps.java:204)- User filled new address form
  And User fill new address form with below information              # tek.sdet.framework.steps.RetailAccountSteps.userFillNewAddressFormWithBelowInformation(io.cucumber.datatable.DataTable)
    | country | fullName | phoneNumber | streetAddress | apt | city | state | zipCode |
 INFO [main] (RetailAccountSteps.java:249)- User clicked update Your Address button
  And User click update Your Address button                          # tek.sdet.framework.steps.RetailAccountSteps.userClickUpdateYourAddressButton()
 INFO [main] (RetailAccountSteps.java:255)- A message should be displayed ‘Address Updated Successfully’
  Then A message should be displayed â€˜Address Updated Successfullyâ€™  # tek.sdet.framework.steps.RetailAccountSteps.aMessageShouldBeDisplayedAddressUpdatedSuccessfully()
]]></system-out>
    <system-err><![CDATA[Starting ChromeDriver 110.0.5481.77 (65ed616c6e8ee3fe0ad64fe83796c020644d42af-refs/branch-heads/5481@{#839}) on port 58988
Only local connections are allowed.
Please see https://chromedriver.chromium.org/security-considerations for suggestions on keeping ChromeDriver safe.
ChromeDriver was started successfully.
[1677965789.910][WARNING]: virtual void DevToolsClientImpl::AddListener(DevToolsEventListener *) subscribing a listener to the already connected DevToolsClient. Connection notification will not arrive.
Mar 04, 2023 4:36:29 PM org.openqa.selenium.remote.ProtocolHandshake createSession
INFO: Detected upstream dialect: W3C
Mar 04, 2023 4:36:29 PM org.openqa.selenium.devtools.CdpVersionFinder findNearestMatch
WARNING: Unable to find an exact match for CDP version 110, so returning the closest version found: a no-op implementation
Mar 04, 2023 4:36:29 PM org.openqa.selenium.devtools.CdpVersionFinder findNearestMatch
INFO: Unable to find CDP implementation matching 110.
Mar 04, 2023 4:36:29 PM org.openqa.selenium.chromium.ChromiumDriver lambda$new$3
WARNING: Unable to find version of CDP to use for . You may need to include a dependency on a specific version of the CDP using something similar to `org.seleniumhq.selenium:selenium-devtools-v86:4.4.0` where the version ("v86") matches the version of the chromium-based browser you're using and the version number of the artifact is the same as Selenium's.
]]></system-err>
  </testcase>
  <testcase name="Verify User can Update password" classname="Retail Account Page" time="2.828">
    <system-out><![CDATA[
@test
Scenario: Verify User can Update password                            # features/RetailAccount.feature:79
{browser=chrome, headless=false, url=https://tek-retail-ui.azurewebsites.net/}
 INFO [main] (SignInSteps.java:28)- user is on retail website
 INFO [main] (SignInSteps.java:29)- Actual Title React App Equals  ExpectedTitle React App
  Given User is on retail website                                    # tek.sdet.framework.steps.SignInSteps.userIsOnRetailWebsite()
 INFO [main] (SignInSteps.java:36)- User clicked on Sign in option
  When User click on Sign in option                                  # tek.sdet.framework.steps.SignInSteps.userClickOnSignIn()
 INFO [main] (SignInSteps.java:51)- User entered email chrismal@gmail.com and password Qwer@1234
  And User enter email 'chrismal@gmail.com' and password 'Qwer@1234' # tek.sdet.framework.steps.SignInSteps.userEnterEmailAndPassword(java.lang.String,java.lang.String)
 INFO [main] (SignInSteps.java:57)- User clicked on login button
  And User click on login button                                     # tek.sdet.framework.steps.SignInSteps.userClickOnLoginBtn()
 INFO [main] (SignInSteps.java:63)- User should be logged in into Account
  And User should be logged in into Account                          # tek.sdet.framework.steps.SignInSteps.userLoggedIntoAccount()
 INFO [main] (RetailAccountSteps.java:26)- user clicked on Account option
  When User click on Account option                                  # tek.sdet.framework.steps.RetailAccountSteps.userClickOnAccountOption()
 INFO [main] (RetailAccountSteps.java:57)- User updated password information
  And User enter below information                                   # tek.sdet.framework.steps.RetailAccountSteps.userUpdatePasswordInfo(io.cucumber.datatable.DataTable)
    | previousPassword | newPassword | confirmPassword |
    | Qwer@1234        | 1234@Qwer   | 1234@Qwer       |
 INFO [main] (RetailAccountSteps.java:63)- User clicked on Change Password button
  And User click on Change Password button                           # tek.sdet.framework.steps.RetailAccountSteps.userClickOnChangePasswordBtn()
 INFO [main] (RetailAccountSteps.java:70)- A message 'Password Updated Successfully' should be displayed 
  Then A message should be displayed â€˜Password Updated Successfullyâ€™ # tek.sdet.framework.steps.RetailAccountSteps.passwordUpdatingMessageshouldBeDisplayed()
]]></system-out>
    <system-err><![CDATA[Starting ChromeDriver 110.0.5481.77 (65ed616c6e8ee3fe0ad64fe83796c020644d42af-refs/branch-heads/5481@{#839}) on port 59469
Only local connections are allowed.
Please see https://chromedriver.chromium.org/security-considerations for suggestions on keeping ChromeDriver safe.
ChromeDriver was started successfully.
[1677965794.043][WARNING]: virtual void DevToolsClientImpl::AddListener(DevToolsEventListener *) subscribing a listener to the already connected DevToolsClient. Connection notification will not arrive.
Mar 04, 2023 4:36:34 PM org.openqa.selenium.remote.ProtocolHandshake createSession
INFO: Detected upstream dialect: W3C
Mar 04, 2023 4:36:34 PM org.openqa.selenium.devtools.CdpVersionFinder findNearestMatch
WARNING: Unable to find an exact match for CDP version 110, so returning the closest version found: a no-op implementation
Mar 04, 2023 4:36:34 PM org.openqa.selenium.devtools.CdpVersionFinder findNearestMatch
INFO: Unable to find CDP implementation matching 110.
Mar 04, 2023 4:36:34 PM org.openqa.selenium.chromium.ChromiumDriver lambda$new$3
WARNING: Unable to find version of CDP to use for . You may need to include a dependency on a specific version of the CDP using something similar to `org.seleniumhq.selenium:selenium-devtools-v86:4.4.0` where the version ("v86") matches the version of the chromium-based browser you're using and the version number of the artifact is the same as Selenium's.
]]></system-err>
  </testcase>
  <testcase name="Verify User can cancel the order" classname="Retail Order Page" time="34.202">
    <system-out><![CDATA[
@test
Scenario: Verify User can cancel the order                                       # features/RetailOrder.feature:38
{browser=chrome, headless=false, url=https://tek-retail-ui.azurewebsites.net/}
 INFO [main] (SignInSteps.java:28)- user is on retail website
 INFO [main] (SignInSteps.java:29)- Actual Title React App Equals  ExpectedTitle React App
  Given User is on retail website                                                # tek.sdet.framework.steps.SignInSteps.userIsOnRetailWebsite()
 INFO [main] (SignInSteps.java:36)- User clicked on Sign in option
  When User click on Sign in option                                              # tek.sdet.framework.steps.SignInSteps.userClickOnSignIn()
 INFO [main] (SignInSteps.java:51)- User entered email khris@gmail.com and password 1234@Qwer
  And User enter email 'khris@gmail.com' and password '1234@Qwer'                # tek.sdet.framework.steps.SignInSteps.userEnterEmailAndPassword(java.lang.String,java.lang.String)
 INFO [main] (SignInSteps.java:57)- User clicked on login button
  And User click on login button                                                 # tek.sdet.framework.steps.SignInSteps.userClickOnLoginBtn()
 INFO [main] (SignInSteps.java:63)- User should be logged in into Account
  And User should be logged in into Account                                      # tek.sdet.framework.steps.SignInSteps.userLoggedIntoAccount()
 INFO [main] (HomeSteps.java:83)- User changed the category to Electronics
  And User change the category to 'Electronics'                                  # tek.sdet.framework.steps.HomeSteps.userChangeTheCategoryTo(java.lang.String)
 INFO [main] (HomeSteps.java:89)- User searched for an item Apex Legends
  And User search for an item 'Apex Legends'                                     # tek.sdet.framework.steps.HomeSteps.userSearchForAnItem(java.lang.String)
 INFO [main] (HomeSteps.java:95)- User clicked on Search icon
  And User click on Search icon                                                  # tek.sdet.framework.steps.HomeSteps.userClickOnSearchIcon()
 INFO [main] (HomeSteps.java:101)- User clicked on item
  And User click on item                                                         # tek.sdet.framework.steps.HomeSteps.userClickOnItem()
 INFO [main] (HomeSteps.java:107)- User select quantity2
  And User select quantity '2'                                                   # tek.sdet.framework.steps.HomeSteps.userSelectQuantity(java.lang.String)
 INFO [main] (HomeSteps.java:114)- User clicked add to Cart button
  And User click add to Cart button                                              # tek.sdet.framework.steps.HomeSteps.userclickAddToCartButton()
 INFO [main] (HomeSteps.java:121)- There are 2 in the cart, and it should be 2
  Then The cart icon quantity should change to '2'                               # tek.sdet.framework.steps.HomeSteps.theCartIconQuantityShouldChangeTo(java.lang.String)
 INFO [main] (HomeSteps.java:127)- User clicked on Cart option
  And User click on Cart option                                                  # tek.sdet.framework.steps.HomeSteps.userClickOnCartOption()
 INFO [main] (HomeSteps.java:132)- User clicked on Proceed to Checkout button
  And User click on Proceed to Checkout button                                   # tek.sdet.framework.steps.HomeSteps.userClickOnProceedToCheckoutButton()
 INFO [main] (HomeSteps.java:137)- User clicked Add a new address link for shipping address
  And User click Add a new address link for shipping address                     # tek.sdet.framework.steps.HomeSteps.userClickAddANewAddressLinkForShippingAddress()
 INFO [main] (RetailAccountSteps.java:204)- User filled new address form
  And User fill new address form with below information                          # tek.sdet.framework.steps.RetailAccountSteps.userFillNewAddressFormWithBelowInformation(io.cucumber.datatable.DataTable)
    | country | fullName | phoneNumber | streetAddress | apt | city | state | zipCode |
 INFO [main] (RetailAccountSteps.java:229)- User clicked Add Your Address button
  And User click Add Your Address button                                         # tek.sdet.framework.steps.RetailAccountSteps.userClickAddYourAddressButton()
 INFO [main] (HomeSteps.java:142)- User clicked Add a credit card or Debit Card for Payment method
  And User click Add a credit card or Debit Card for Payment method              # tek.sdet.framework.steps.HomeSteps.userClickAddACreditCardOrDebitCardForPaymentMethod()
 INFO [main] (RetailAccountSteps.java:98)- User filled Debit or credit card information
  And User fill Debit or credit card information                                 # tek.sdet.framework.steps.RetailAccountSteps.userFillDebitOrCreditCardInfo(io.cucumber.datatable.DataTable)
    | cardNumber | nameOnCard | expirationMonth | expirationYear | securityCode |
    | cardNumber | fullName   | 6               | 2023           | securityCode |
 INFO [main] (RetailAccountSteps.java:104)- User clicked on Add your card button
  And User click on Add your card button                                         # tek.sdet.framework.steps.RetailAccountSteps.userClickOnAddYourCardBtn()
 INFO [main] (HomeSteps.java:147)- User clicked on Place Your Order
  And User click on Place Your Order                                             # tek.sdet.framework.steps.HomeSteps.userClickOnPlaceYourOrder()
 INFO [main] (HomeSteps.java:147)- User clicked on Place Your Order
  And User click on Place Your Order                                             # tek.sdet.framework.steps.HomeSteps.userClickOnPlaceYourOrder()
 INFO [main] (HomeSteps.java:152)- A message should be displayed ‘Order Placed, Thanks’
  Then A message should be displayed â€˜Order Placed, Thanksâ€™                      # tek.sdet.framework.steps.HomeSteps.aMessageShouldBeDisplayedOrderPlacedThanks()
 INFO [main] (RetailOrderSteps.java:23)- User clicked on Orders section
  And User click on Orders section                                               # tek.sdet.framework.steps.RetailOrderSteps.userClickOnOrdersSection()
 INFO [main] (RetailOrderSteps.java:43)- User clicked on Cancel The Order button
  And User click on Cancel The Order button                                      # tek.sdet.framework.steps.RetailOrderSteps.userClickOnCancelTheOrderBtn()
 INFO [main] (RetailOrderSteps.java:49)- User selected the cancelation Reason Bought wrong item
  And User select the cancelation Reason 'Bought wrong item'                     # tek.sdet.framework.steps.RetailOrderSteps.userSelectTheCancelationReasonBoughtWrongItem(java.lang.String)
 INFO [main] (RetailOrderSteps.java:56)- User clicked on Cancel Order button
  And User click on Cancel Order button                                          # tek.sdet.framework.steps.RetailOrderSteps.userClickOnCancelOrderButton()
 INFO [main] (RetailOrderSteps.java:62)- A cancelation message should be displayed ‘Your Order Has Been Cancelled’
  Then A cancelation message should be displayed â€˜Your Order Has Been Cancelledâ€™ # tek.sdet.framework.steps.RetailOrderSteps.aCancelationMessageShouldBeDisplayedYourOrderHasBeenCancelled()
]]></system-out>
    <system-err><![CDATA[Starting ChromeDriver 110.0.5481.77 (65ed616c6e8ee3fe0ad64fe83796c020644d42af-refs/branch-heads/5481@{#839}) on port 56734
Only local connections are allowed.
Please see https://chromedriver.chromium.org/security-considerations for suggestions on keeping ChromeDriver safe.
ChromeDriver was started successfully.
[1677965796.893][WARNING]: virtual void DevToolsClientImpl::AddListener(DevToolsEventListener *) subscribing a listener to the already connected DevToolsClient. Connection notification will not arrive.
Mar 04, 2023 4:36:36 PM org.openqa.selenium.remote.ProtocolHandshake createSession
INFO: Detected upstream dialect: W3C
Mar 04, 2023 4:36:36 PM org.openqa.selenium.devtools.CdpVersionFinder findNearestMatch
WARNING: Unable to find an exact match for CDP version 110, so returning the closest version found: a no-op implementation
Mar 04, 2023 4:36:36 PM org.openqa.selenium.devtools.CdpVersionFinder findNearestMatch
INFO: Unable to find CDP implementation matching 110.
Mar 04, 2023 4:36:36 PM org.openqa.selenium.chromium.ChromiumDriver lambda$new$3
WARNING: Unable to find version of CDP to use for . You may need to include a dependency on a specific version of the CDP using something similar to `org.seleniumhq.selenium:selenium-devtools-v86:4.4.0` where the version ("v86") matches the version of the chromium-based browser you're using and the version number of the artifact is the same as Selenium's.
]]></system-err>
  </testcase>
  <testcase name="Verify User can Return the order" classname="Retail Order Page" time="34.379">
    <system-out><![CDATA[
@test
Scenario: Verify User can Return the order                               # features/RetailOrder.feature:44
{browser=chrome, headless=false, url=https://tek-retail-ui.azurewebsites.net/}
 INFO [main] (SignInSteps.java:28)- user is on retail website
 INFO [main] (SignInSteps.java:29)- Actual Title React App Equals  ExpectedTitle React App
  Given User is on retail website                                        # tek.sdet.framework.steps.SignInSteps.userIsOnRetailWebsite()
 INFO [main] (SignInSteps.java:36)- User clicked on Sign in option
[...]
    | country | fullName | phoneNumber | streetAddress | apt | city | state | zipCode |
 INFO [main] (RetailAccountSteps.java:229)- User clicked Add Your Address button
  And User click Add Your Address button                                 # tek.sdet.framework.steps.RetailAccountSteps.userClickAddYourAddressButton()
 INFO [main] (HomeSteps.java:142)- User clicked Add a credit card or Debit Card for Payment method
  And User click Add a credit card or Debit Card for Payment method      # tek.sdet.framework.steps.HomeSteps.userClickAddACreditCardOrDebitCardForPaymentMethod()
 INFO [main] (RetailAccountSteps.java:98)- User filled Debit or credit card information
  And User fill Debit or credit card information                         # tek.sdet.framework.steps.RetailAccountSteps.userFillDebitOrCreditCardInfo(io.cucumber.datatable.DataTable)
    | cardNumber | nameOnCard | expirationMonth | expirationYear | securityCode |
    | cardNumber | fullName   | 6               | 2023           | securityCode |
 INFO [main] (RetailAccountSteps.java:104)- User clicked on Add your card button
  And User click on Add your card button                                 # tek.sdet.framework.steps.RetailAccountSteps.userClickOnAddYourCardBtn()
 INFO [main] (HomeSteps.java:147)- User clicked on Place Your Order
  And User click on Place Your Order                                     # tek.sdet.framework.steps.HomeSteps.userClickOnPlaceYourOrder()
 INFO [main] (HomeSteps.java:147)- User clicked on Place Your Order
  And User click on Place Your Order                                     # tek.sdet.framework.steps.HomeSteps.userClickOnPlaceYourOrder()
 INFO [main] (HomeSteps.java:152)- A message should be displayed ‘Order Placed, Thanks’
  Then A message should be displayed â€˜Order Placed, Thanksâ€™              # tek.sdet.framework.steps.HomeSteps.aMessageShouldBeDisplayedOrderPlacedThanks()
 INFO [main] (RetailOrderSteps.java:23)- User clicked on Orders section
  And User click on Orders section                                       # tek.sdet.framework.steps.RetailOrderSteps.userClickOnOrdersSection()
 INFO [main] (RetailOrderSteps.java:69)- User clicked on Return Items button
  And User click on Return Items button                                  # tek.sdet.framework.steps.RetailOrderSteps.userClickOnReturnItemsButton()
 INFO [main] (RetailOrderSteps.java:75)- User selected the Return Reason Item damaged
  And User select the Return Reason 'Item damaged'                       # tek.sdet.framework.steps.RetailOrderSteps.userSelectTheReturnReason(java.lang.String)
 INFO [main] (RetailOrderSteps.java:81)- User selected the drop off service FedEx
  And User select the drop off service 'FedEx'                           # tek.sdet.framework.steps.RetailOrderSteps.userSelectTheDropOffServiceFedEx(java.lang.String)
 INFO [main] (RetailOrderSteps.java:88)- User clicked on Return Order button
  And User click on Return Order button                                  # tek.sdet.framework.steps.RetailOrderSteps.userClickOnReturnOrderButton()
 INFO [main] (RetailOrderSteps.java:94)- A cancelation message should be displayed ‘Return was successful’
  Then A cancelation message should be displayed â€˜Return was successfulâ€™ # tek.sdet.framework.steps.RetailOrderSteps.aCancelationMessageShouldBeDisplayedReturnWasSuccessful()
]]></system-out>
    <system-err><![CDATA[Starting ChromeDriver 110.0.5481.77 (65ed616c6e8ee3fe0ad64fe83796c020644d42af-refs/branch-heads/5481@{#839}) on port 64506
Only local connections are allowed.
Please see https://chromedriver.chromium.org/security-considerations for suggestions on keeping ChromeDriver safe.
ChromeDriver was started successfully.
[1677965831.084][WARNING]: virtual void DevToolsClientImpl::AddListener(DevToolsEventListener *) subscribing a listener to the already connected DevToolsClient. Connection notification will not arrive.
Mar 04, 2023 4:37:11 PM org.openqa.selenium.remote.ProtocolHandshake createSession
INFO: Detected upstream dialect: W3C
Mar 04, 2023 4:37:11 PM org.openqa.selenium.devtools.CdpVersionFinder findNearestMatch
WARNING: Unable to find an exact match for CDP version 110, so returning the closest version found: a no-op implementation
Mar 04, 2023 4:37:11 PM org.openqa.selenium.devtools.CdpVersionFinder findNearestMatch
INFO: Unable to find CDP implementation matching 110.
Mar 04, 2023 4:37:11 PM org.openqa.selenium.chromium.ChromiumDriver lambda$new$3
WARNING: Unable to find version of CDP to use for . You may need to include a dependency on a specific version of the CDP using something similar to `org.seleniumhq.selenium:selenium-devtools-v86:4.4.0` where the version ("v86") matches the version of the chromium-based browser you're using and the version number of the artifact is the same as Selenium's.
]]></system-err>
  </testcase>
  <testcase name="Verify User can write a review on order placed" classname="Retail Order Page" time="29.767">
    <system-out><![CDATA[
@test
Scenario: Verify User can write a review on order placed                         # features/RetailOrder.feature:51
{browser=chrome, headless=false, url=https://tek-retail-ui.azurewebsites.net/}
 INFO [main] (SignInSteps.java:28)- user is on retail website
 INFO [main] (SignInSteps.java:29)- Actual Title React App Equals  ExpectedTitle React App
  Given User is on retail website                                                # tek.sdet.framework.steps.SignInSteps.userIsOnRetailWebsite()
 INFO [main] (SignInSteps.java:36)- User clicked on Sign in option
  When User click on Sign in option                                              # tek.sdet.framework.steps.SignInSteps.userClickOnSignIn()
 INFO [main] (SignInSteps.java:51)- User entered email khris@gmail.com and password 1234@Qwer
  And User enter email 'khris@gmail.com' and password '1234@Qwer'                # tek.sdet.framework.steps.SignInSteps.userEnterEmailAndPassword(java.lang.String,java.lang.String)
 INFO [main] (SignInSteps.java:57)- User clicked on login button
  And User click on login button                                                 # tek.sdet.framework.steps.SignInSteps.userClickOnLoginBtn()
 INFO [main] (SignInSteps.java:63)- User should be logged in into Account
  And User should be logged in into Account                                      # tek.sdet.framework.steps.SignInSteps.userLoggedIntoAccount()
 INFO [main] (HomeSteps.java:83)- User changed the category to Electronics
  And User change the category to 'Electronics'                                  # tek.sdet.framework.steps.HomeSteps.userChangeTheCategoryTo(java.lang.String)
 INFO [main] (HomeSteps.java:89)- User searched for an item Apex Legends
  And User search for an item 'Apex Legends'                                     # tek.sdet.framework.steps.HomeSteps.userSearchForAnItem(java.lang.String)
 INFO [main] (HomeSteps.java:95)- User clicked on Search icon
  And User click on Search icon                                                  # tek.sdet.framework.steps.HomeSteps.userClickOnSearchIcon()
 INFO [main] (HomeSteps.java:101)- User clicked on item
  And User click on item                                                         # tek.sdet.framework.steps.HomeSteps.userClickOnItem()
 INFO [main] (HomeSteps.java:107)- User select quantity2
  And User select quantity '2'                                                   # tek.sdet.framework.steps.HomeSteps.userSelectQuantity(java.lang.String)
 INFO [main] (HomeSteps.java:114)- User clicked add to Cart button
  And User click add to Cart button                                              # tek.sdet.framework.steps.HomeSteps.userclickAddToCartButton()
 INFO [main] (HomeSteps.java:121)- There are 2 in the cart, and it should be 2
  Then The cart icon quantity should change to '2'                               # tek.sdet.framework.steps.HomeSteps.theCartIconQuantityShouldChangeTo(java.lang.String)
 INFO [main] (HomeSteps.java:127)- User clicked on Cart option
  And User click on Cart option                                                  # tek.sdet.framework.steps.HomeSteps.userClickOnCartOption()
 INFO [main] (HomeSteps.java:132)- User clicked on Proceed to Checkout button
  And User click on Proceed to Checkout button                                   # tek.sdet.framework.steps.HomeSteps.userClickOnProceedToCheckoutButton()
 INFO [main] (HomeSteps.java:137)- User clicked Add a new address link for shipping address
  And User click Add a new address link for shipping address                     # tek.sdet.framework.steps.HomeSteps.userClickAddANewAddressLinkForShippingAddress()
 INFO [main] (RetailAccountSteps.java:204)- User filled new address form
  And User fill new address form with below information                          # tek.sdet.framework.steps.RetailAccountSteps.userFillNewAddressFormWithBelowInformation(io.cucumber.datatable.DataTable)
    | country | fullName | phoneNumber | streetAddress | apt | city | state | zipCode |
 INFO [main] (RetailAccountSteps.java:229)- User clicked Add Your Address button
  And User click Add Your Address button                                         # tek.sdet.framework.steps.RetailAccountSteps.userClickAddYourAddressButton()
 INFO [main] (HomeSteps.java:142)- User clicked Add a credit card or Debit Card for Payment method
  And User click Add a credit card or Debit Card for Payment method              # tek.sdet.framework.steps.HomeSteps.userClickAddACreditCardOrDebitCardForPaymentMethod()
 INFO [main] (RetailAccountSteps.java:98)- User filled Debit or credit card information
  And User fill Debit or credit card information                                 # tek.sdet.framework.steps.RetailAccountSteps.userFillDebitOrCreditCardInfo(io.cucumber.datatable.DataTable)
    | cardNumber | nameOnCard | expirationMonth | expirationYear | securityCode |
    | cardNumber | fullName   | 6               | 2023           | securityCode |
 INFO [main] (RetailAccountSteps.java:104)- User clicked on Add your card button
  And User click on Add your card button                                         # tek.sdet.framework.steps.RetailAccountSteps.userClickOnAddYourCardBtn()
 INFO [main] (HomeSteps.java:147)- User clicked on Place Your Order
  And User click on Place Your Order                                             # tek.sdet.framework.steps.HomeSteps.userClickOnPlaceYourOrder()
 INFO [main] (HomeSteps.java:147)- User clicked on Place Your Order
  And User click on Place Your Order                                             # tek.sdet.framework.steps.HomeSteps.userClickOnPlaceYourOrder()
 INFO [main] (HomeSteps.java:152)- A message should be displayed ‘Order Placed, Thanks’
  Then A message should be displayed â€˜Order Placed, Thanksâ€™                      # tek.sdet.framework.steps.HomeSteps.aMessageShouldBeDisplayedOrderPlacedThanks()
 INFO [main] (RetailOrderSteps.java:23)- User clicked on Orders section
  And User click on Orders section                                               # tek.sdet.framework.steps.RetailOrderSteps.userClickOnOrdersSection()
 INFO [main] (RetailOrderSteps.java:100)- User clicked on Review button
  And User click on Review button                                                # tek.sdet.framework.steps.RetailOrderSteps.userClickOnReviewButton()
 INFO [main] (RetailOrderSteps.java:107)- User wrote Review headlineheadline valueand text review text
  And User write Review headline 'headline value' and 'review text'              # tek.sdet.framework.steps.RetailOrderSteps.userWriteReviewHeadlineHeadlineValueAndReviewText(java.lang.String,java.lang.String)
 INFO [main] (RetailOrderSteps.java:114)- User clicked Add your Review button
  And User click Add your Review button                                          # tek.sdet.framework.steps.RetailOrderSteps.userClickAddYourReviewButton()
 INFO [main] (RetailOrderSteps.java:121)- A review message should be displayed ‘Your review was added successfully’
  Then A review message should be displayed â€˜Your review was added successfullyâ€™ # tek.sdet.framework.steps.RetailOrderSteps.aReviewMessageShouldBeDisplayedYourReviewWasAddedSuccessfully()
]]></system-out>
    <system-err><![CDATA[Starting ChromeDriver 110.0.5481.77 (65ed616c6e8ee3fe0ad64fe83796c020644d42af-refs/branch-heads/5481@{#839}) on port 57718
Only local connections are allowed.
Please see https://chromedriver.chromium.org/security-considerations for suggestions on keeping ChromeDriver safe.
ChromeDriver was started successfully.
[1677965865.463][WARNING]: virtual void DevToolsClientImpl::AddListener(DevToolsEventListener *) subscribing a listener to the already connected DevToolsClient. Connection notification will not arrive.
Mar 04, 2023 4:37:45 PM org.openqa.selenium.remote.ProtocolHandshake createSession
INFO: Detected upstream dialect: W3C
Mar 04, 2023 4:37:45 PM org.openqa.selenium.devtools.CdpVersionFinder findNearestMatch
WARNING: Unable to find an exact match for CDP version 110, so returning the closest version found: a no-op implementation
Mar 04, 2023 4:37:45 PM org.openqa.selenium.devtools.CdpVersionFinder findNearestMatch
INFO: Unable to find CDP implementation matching 110.
Mar 04, 2023 4:37:45 PM org.openqa.selenium.chromium.ChromiumDriver lambda$new$3
WARNING: Unable to find version of CDP to use for . You may need to include a dependency on a specific version of the CDP using something similar to `org.seleniumhq.selenium:selenium-devtools-v86:4.4.0` where the version ("v86") matches the version of the chromium-based browser you're using and the version number of the artifact is the same as Selenium's.
]]></system-err>
  </testcase>
  <testcase name="Verify user can sign in into Retail Application" classname="Sign In Feature" time="1.642">
    <system-out><![CDATA[
@test
Scenario: Verify user can sign in into Retail Application         # features/SignIn.feature:8
{browser=chrome, headless=false, url=https://tek-retail-ui.azurewebsites.net/}
 INFO [main] (SignInSteps.java:28)- user is on retail website
 INFO [main] (SignInSteps.java:29)- Actual Title React App Equals  ExpectedTitle React App
  Given User is on retail website                                 # tek.sdet.framework.steps.SignInSteps.userIsOnRetailWebsite()
 INFO [main] (SignInSteps.java:36)- User clicked on Sign in option
  When User click on Sign in option                               # tek.sdet.framework.steps.SignInSteps.userClickOnSignIn()
 INFO [main] (SignInSteps.java:51)- User entered email khris@gmail.com and password 1234@Qwer
  And User enter email 'khris@gmail.com' and password '1234@Qwer' # tek.sdet.framework.steps.SignInSteps.userEnterEmailAndPassword(java.lang.String,java.lang.String)
 INFO [main] (SignInSteps.java:57)- User clicked on login button
  And User click on login button                                  # tek.sdet.framework.steps.SignInSteps.userClickOnLoginBtn()
 INFO [main] (SignInSteps.java:63)- User should be logged in into Account
  Then User should be logged in into Account                      # tek.sdet.framework.steps.SignInSteps.userLoggedIntoAccount()
]]></system-out>
    <system-err><![CDATA[Starting ChromeDriver 110.0.5481.77 (65ed616c6e8ee3fe0ad64fe83796c020644d42af-refs/branch-heads/5481@{#839}) on port 53854
Only local connections are allowed.
Please see https://chromedriver.chromium.org/security-considerations for suggestions on keeping ChromeDriver safe.
ChromeDriver was started successfully.
[1677965895.216][WARNING]: virtual void DevToolsClientImpl::AddListener(DevToolsEventListener *) subscribing a listener to the already connected DevToolsClient. Connection notification will not arrive.
Mar 04, 2023 4:38:15 PM org.openqa.selenium.remote.ProtocolHandshake createSession
INFO: Detected upstream dialect: W3C
Mar 04, 2023 4:38:15 PM org.openqa.selenium.devtools.CdpVersionFinder findNearestMatch
WARNING: Unable to find an exact match for CDP version 110, so returning the closest version found: a no-op implementation
Mar 04, 2023 4:38:15 PM org.openqa.selenium.devtools.CdpVersionFinder findNearestMatch
INFO: Unable to find CDP implementation matching 110.
Mar 04, 2023 4:38:15 PM org.openqa.selenium.chromium.ChromiumDriver lambda$new$3
WARNING: Unable to find version of CDP to use for . You may need to include a dependency on a specific version of the CDP using something similar to `org.seleniumhq.selenium:selenium-devtools-v86:4.4.0` where the version ("v86") matches the version of the chromium-based browser you're using and the version number of the artifact is the same as Selenium's.
]]></system-err>
  </testcase>
  <testcase name="Verify user can create an account into Retail Website" classname="Sign In Feature" time="1.922">
    <system-out><![CDATA[
@test
Scenario: Verify user can create an account into Retail Website # features/SignIn.feature:13
{browser=chrome, headless=false, url=https://tek-retail-ui.azurewebsites.net/}
 INFO [main] (SignInSteps.java:28)- user is on retail website
 INFO [main] (SignInSteps.java:29)- Actual Title React App Equals  ExpectedTitle React App
  Given User is on retail website                               # tek.sdet.framework.steps.SignInSteps.userIsOnRetailWebsite()
 INFO [main] (SignInSteps.java:36)- User clicked on Sign in option
  When User click on Sign in option                             # tek.sdet.framework.steps.SignInSteps.userClickOnSignIn()
 INFO [main] (SignInSteps.java:69)- User clickeded on Create New Account button
  And User click on Create New Account button                   # tek.sdet.framework.steps.SignInSteps.userClickOnCreateAccountBtn()
 INFO [main] (SignInSteps.java:98)- user filled the signUp information form
  And User fill the signUp information with below data          # tek.sdet.framework.steps.SignInSteps.userFillTheSignUpInformationWithBelowData(io.cucumber.datatable.DataTable)
    | name     | email | password | confirmPassword |
    | fullName | email | password | password        |
 INFO [main] (SignInSteps.java:104)- User clicked on SignUp button
  And User click on SignUp button                               # tek.sdet.framework.steps.SignInSteps.userClickSignUpBtn()
 INFO [main] (SignInSteps.java:110)- User should be logged into account page
  Then User should be logged into account page                  # tek.sdet.framework.steps.SignInSteps.userLoggedIntoAccountPage()
]]></system-out>
    <system-err><![CDATA[Starting ChromeDriver 110.0.5481.77 (65ed616c6e8ee3fe0ad64fe83796c020644d42af-refs/branch-heads/5481@{#839}) on port 63041
Only local connections are allowed.
Please see https://chromedriver.chromium.org/security-considerations for suggestions on keeping ChromeDriver safe.
ChromeDriver was started successfully.
[1677965896.874][WARNING]: virtual void DevToolsClientImpl::AddListener(DevToolsEventListener *) subscribing a listener to the already connected DevToolsClient. Connection notification will not arrive.
Mar 04, 2023 4:38:16 PM org.openqa.selenium.remote.ProtocolHandshake createSession
INFO: Detected upstream dialect: W3C
Mar 04, 2023 4:38:16 PM org.openqa.selenium.devtools.CdpVersionFinder findNearestMatch
WARNING: Unable to find an exact match for CDP version 110, so returning the closest version found: a no-op implementation
Mar 04, 2023 4:38:16 PM org.openqa.selenium.devtools.CdpVersionFinder findNearestMatch
INFO: Unable to find CDP implementation matching 110.
Mar 04, 2023 4:38:16 PM org.openqa.selenium.chromium.ChromiumDriver lambda$new$3
WARNING: Unable to find version of CDP to use for . You may need to include a dependency on a specific version of the CDP using something similar to `org.seleniumhq.selenium:selenium-devtools-v86:4.4.0` where the version ("v86") matches the version of the chromium-based browser you're using and the version number of the artifact is the same as Selenium's.
]]></system-err>
  </testcase>
</testsuite>