<?xml version="1.0" encoding="UTF-8"?>
<testsuite xmlns:xsi="http://www.w3.org/2001/XMLSchema-instance" xsi:noNamespaceSchemaLocation="https://maven.apache.org/surefire/maven-surefire-plugin/xsd/surefire-test-report-3.0.xsd" version="3.0" name="tek.sdet.framework.runner.TestRunner" time="176.154" tests="14" errors="1" skipped="0" failures="0">
  <properties>
[...]
</properties>
  <testcase name="Verify Shop by Department sidebar" classname="Home Page" time="2.27">
    <system-out><![CDATA[
@test
Scenario: Verify Shop by Department sidebar                    # features/Home.feature:7
{browser=chrome, headless=false, url=https://tek-retail-ui.azurewebsites.net/}
 INFO [main] (SignInSteps.java:28)- user is on retail website
 INFO [main] (SignInSteps.java:29)- Actual Title React App Equals  ExpectedTitle React App
  Given User is on retail website                              # tek.sdet.framework.steps.SignInSteps.userIsOnRetailWebsite()
 INFO [main] (HomeSteps.java:24)- User clicked on All section
  When User click on All section                               # tek.sdet.framework.steps.HomeSteps.userClickOnAllSection()
 INFO [main] (HomeSteps.java:35)- Electronics is equal Electronics
 INFO [main] (HomeSteps.java:35)- Computers is equal Computers
 INFO [main] (HomeSteps.java:35)- Smart Home is equal Smart Home
 INFO [main] (HomeSteps.java:35)- Sports is equal Sports
 INFO [main] (HomeSteps.java:35)- Automative is equal Automative
  Then Below options are present in Shop by Department sidebar # tek.sdet.framework.steps.HomeSteps.belowOptionsArePresentInShopByDepartmentSidebar(io.cucumber.datatable.DataTable)
    | Electronics | Computers | Smart Home | Sports | Automative |
]]></system-out>
    <system-err><![CDATA[SLF4J: Failed to load class "org.slf4j.impl.StaticLoggerBinder".
SLF4J: Defaulting to no-operation (NOP) logger implementation
SLF4J: See http://www.slf4j.org/codes.html#StaticLoggerBinder for further details.
ERROR StatusLogger Log4j2 could not find a logging implementation. Please add log4j-core to the classpath. Using SimpleLogger to log to the console...
Starting ChromeDriver 110.0.5481.77 (65ed616c6e8ee3fe0ad64fe83796c020644d42af-refs/branch-heads/5481@{#839}) on port 60394
Only local connections are allowed.
Please see https://chromedriver.chromium.org/security-considerations for suggestions on keeping ChromeDriver safe.
ChromeDriver was started successfully.
[1677363852.335][WARNING]: virtual void DevToolsClientImpl::AddListener(DevToolsEventListener *) subscribing a listener to the already connected DevToolsClient. Connection notification will not arrive.
Feb 25, 2023 5:24:12 PM org.openqa.selenium.remote.ProtocolHandshake createSession
INFO: Detected upstream dialect: W3C
Feb 25, 2023 5:24:12 PM org.openqa.selenium.devtools.CdpVersionFinder findNearestMatch
WARNING: Unable to find an exact match for CDP version 110, so returning the closest version found: a no-op implementation
Feb 25, 2023 5:24:12 PM org.openqa.selenium.devtools.CdpVersionFinder findNearestMatch
INFO: Unable to find CDP implementation matching 110.
Feb 25, 2023 5:24:12 PM org.openqa.selenium.chromium.ChromiumDriver lambda$new$3
WARNING: Unable to find version of CDP to use for . You may need to include a dependency on a specific version of the CDP using something similar to `org.seleniumhq.selenium:selenium-devtools-v86:4.4.0` where the version ("v86") matches the version of the chromium-based browser you're using and the version number of the artifact is the same as Selenium's.
]]></system-err>
  </testcase>
  <testcase name="Verify department sidebar options #1" classname="Home Page" time="1.344">
    <system-out><![CDATA[
@test
Scenario Outline: Verify department sidebar options # features/Home.feature:20
{browser=chrome, headless=false, url=https://tek-retail-ui.azurewebsites.net/}
 INFO [main] (SignInSteps.java:28)- user is on retail website
 INFO [main] (SignInSteps.java:29)- Actual Title React App Equals  ExpectedTitle React App
  Given User is on retail website                   # tek.sdet.framework.steps.SignInSteps.userIsOnRetailWebsite()
 INFO [main] (HomeSteps.java:24)- User clicked on All section
  When User click on All section                    # tek.sdet.framework.steps.HomeSteps.userClickOnAllSection()
  And User on 'Electronics'                         # tek.sdet.framework.steps.HomeSteps.userOnDepartment(java.lang.String)
 INFO [main] (HomeSteps.java:69)- TV & Videois present
 INFO [main] (HomeSteps.java:69)- Video Gamesis present
  Then Below options are present in department      # tek.sdet.framework.steps.HomeSteps.belowOptionsArePresentInDepartment(io.cucumber.datatable.DataTable)
    | TV & Video | Video Games |
]]></system-out>
    <system-err><![CDATA[Starting ChromeDriver 110.0.5481.77 (65ed616c6e8ee3fe0ad64fe83796c020644d42af-refs/branch-heads/5481@{#839}) on port 54451
Only local connections are allowed.
Please see https://chromedriver.chromium.org/security-considerations for suggestions on keeping ChromeDriver safe.
ChromeDriver was started successfully.
[1677363853.798][WARNING]: virtual void DevToolsClientImpl::AddListener(DevToolsEventListener *) subscribing a listener to the already connected DevToolsClient. Connection notification will not arrive.
Feb 25, 2023 5:24:13 PM org.openqa.selenium.remote.ProtocolHandshake createSession
INFO: Detected upstream dialect: W3C
Feb 25, 2023 5:24:13 PM org.openqa.selenium.devtools.CdpVersionFinder findNearestMatch
WARNING: Unable to find an exact match for CDP version 110, so returning the closest version found: a no-op implementation
Feb 25, 2023 5:24:13 PM org.openqa.selenium.devtools.CdpVersionFinder findNearestMatch
INFO: Unable to find CDP implementation matching 110.
Feb 25, 2023 5:24:13 PM org.openqa.selenium.chromium.ChromiumDriver lambda$new$3
WARNING: Unable to find version of CDP to use for . You may need to include a dependency on a specific version of the CDP using something similar to `org.seleniumhq.selenium:selenium-devtools-v86:4.4.0` where the version ("v86") matches the version of the chromium-based browser you're using and the version number of the artifact is the same as Selenium's.
]]></system-err>
  </testcase>
  <testcase name="Verify department sidebar options #2" classname="Home Page" time="1.41">
    <system-out><![CDATA[
@test
Scenario Outline: Verify department sidebar options # features/Home.feature:21
{browser=chrome, headless=false, url=https://tek-retail-ui.azurewebsites.net/}
 INFO [main] (SignInSteps.java:28)- user is on retail website
 INFO [main] (SignInSteps.java:29)- Actual Title React App Equals  ExpectedTitle React App
  Given User is on retail website                   # tek.sdet.framework.steps.SignInSteps.userIsOnRetailWebsite()
 INFO [main] (HomeSteps.java:24)- User clicked on All section
  When User click on All section                    # tek.sdet.framework.steps.HomeSteps.userClickOnAllSection()
  And User on 'Computers'                           # tek.sdet.framework.steps.HomeSteps.userOnDepartment(java.lang.String)
 INFO [main] (HomeSteps.java:69)- Accessoriesis present
 INFO [main] (HomeSteps.java:69)- Networkingis present
  Then Below options are present in department      # tek.sdet.framework.steps.HomeSteps.belowOptionsArePresentInDepartment(io.cucumber.datatable.DataTable)
    | Accessories | Networking |
]]></system-out>
    <system-err><![CDATA[Starting ChromeDriver 110.0.5481.77 (65ed616c6e8ee3fe0ad64fe83796c020644d42af-refs/branch-heads/5481@{#839}) on port 51366
Only local connections are allowed.
Please see https://chromedriver.chromium.org/security-considerations for suggestions on keeping ChromeDriver safe.
ChromeDriver was started successfully.
[1677363855.158][WARNING]: virtual void DevToolsClientImpl::AddListener(DevToolsEventListener *) subscribing a listener to the already connected DevToolsClient. Connection notification will not arrive.
Feb 25, 2023 5:24:15 PM org.openqa.selenium.remote.ProtocolHandshake createSession
INFO: Detected upstream dialect: W3C
Feb 25, 2023 5:24:15 PM org.openqa.selenium.devtools.CdpVersionFinder findNearestMatch
WARNING: Unable to find an exact match for CDP version 110, so returning the closest version found: a no-op implementation
Feb 25, 2023 5:24:15 PM org.openqa.selenium.devtools.CdpVersionFinder findNearestMatch
INFO: Unable to find CDP implementation matching 110.
Feb 25, 2023 5:24:15 PM org.openqa.selenium.chromium.ChromiumDriver lambda$new$3
WARNING: Unable to find version of CDP to use for . You may need to include a dependency on a specific version of the CDP using something similar to `org.seleniumhq.selenium:selenium-devtools-v86:4.4.0` where the version ("v86") matches the version of the chromium-based browser you're using and the version number of the artifact is the same as Selenium's.
]]></system-err>
  </testcase>
  <testcase name="Verify department sidebar options #3" classname="Home Page" time="1.362">
    <system-out><![CDATA[
@test
Scenario Outline: Verify department sidebar options # features/Home.feature:22
{browser=chrome, headless=false, url=https://tek-retail-ui.azurewebsites.net/}
 INFO [main] (SignInSteps.java:28)- user is on retail website
 INFO [main] (SignInSteps.java:29)- Actual Title React App Equals  ExpectedTitle React App
  Given User is on retail website                   # tek.sdet.framework.steps.SignInSteps.userIsOnRetailWebsite()
 INFO [main] (HomeSteps.java:24)- User clicked on All section
  When User click on All section                    # tek.sdet.framework.steps.HomeSteps.userClickOnAllSection()
  And User on 'Smart Home'                          # tek.sdet.framework.steps.HomeSteps.userOnDepartment(java.lang.String)
 INFO [main] (HomeSteps.java:69)- Smart Home Lightningis present
 INFO [main] (HomeSteps.java:69)- Plugs and Outletsis present
  Then Below options are present in department      # tek.sdet.framework.steps.HomeSteps.belowOptionsArePresentInDepartment(io.cucumber.datatable.DataTable)
    | Smart Home Lightning | Plugs and Outlets |
]]></system-out>
    <system-err><![CDATA[Starting ChromeDriver 110.0.5481.77 (65ed616c6e8ee3fe0ad64fe83796c020644d42af-refs/branch-heads/5481@{#839}) on port 52583
Only local connections are allowed.
Please see https://chromedriver.chromium.org/security-considerations for suggestions on keeping ChromeDriver safe.
ChromeDriver was started successfully.
[1677363856.563][WARNING]: virtual void DevToolsClientImpl::AddListener(DevToolsEventListener *) subscribing a listener to the already connected DevToolsClient. Connection notification will not arrive.
Feb 25, 2023 5:24:16 PM org.openqa.selenium.remote.ProtocolHandshake createSession
INFO: Detected upstream dialect: W3C
Feb 25, 2023 5:24:16 PM org.openqa.selenium.devtools.CdpVersionFinder findNearestMatch
WARNING: Unable to find an exact match for CDP version 110, so returning the closest version found: a no-op implementation
Feb 25, 2023 5:24:16 PM org.openqa.selenium.devtools.CdpVersionFinder findNearestMatch
INFO: Unable to find CDP implementation matching 110.
Feb 25, 2023 5:24:16 PM org.openqa.selenium.chromium.ChromiumDriver lambda$new$3
WARNING: Unable to find version of CDP to use for . You may need to include a dependency on a specific version of the CDP using something similar to `org.seleniumhq.selenium:selenium-devtools-v86:4.4.0` where the version ("v86") matches the version of the chromium-based browser you're using and the version number of the artifact is the same as Selenium's.
]]></system-err>
  </testcase>
  <testcase name="Verify department sidebar options #4" classname="Home Page" time="1.378">
    <system-out><![CDATA[
@test
Scenario Outline: Verify department sidebar options # features/Home.feature:23
{browser=chrome, headless=false, url=https://tek-retail-ui.azurewebsites.net/}
 INFO [main] (SignInSteps.java:28)- user is on retail website
 INFO [main] (SignInSteps.java:29)- Actual Title React App Equals  ExpectedTitle React App
  Given User is on retail website                   # tek.sdet.framework.steps.SignInSteps.userIsOnRetailWebsite()
 INFO [main] (HomeSteps.java:24)- User clicked on All section
  When User click on All section                    # tek.sdet.framework.steps.HomeSteps.userClickOnAllSection()
  And User on 'Sports'                              # tek.sdet.framework.steps.HomeSteps.userOnDepartment(java.lang.String)
 INFO [main] (HomeSteps.java:69)- Athletic Clothingis present
 INFO [main] (HomeSteps.java:69)- Exercise & Fitnessis present
  Then Below options are present in department      # tek.sdet.framework.steps.HomeSteps.belowOptionsArePresentInDepartment(io.cucumber.datatable.DataTable)
    | Athletic Clothing | Exercise & Fitness |
]]></system-out>
    <system-err><![CDATA[Starting ChromeDriver 110.0.5481.77 (65ed616c6e8ee3fe0ad64fe83796c020644d42af-refs/branch-heads/5481@{#839}) on port 64116
Only local connections are allowed.
Please see https://chromedriver.chromium.org/security-considerations for suggestions on keeping ChromeDriver safe.
ChromeDriver was started successfully.
[1677363857.936][WARNING]: virtual void DevToolsClientImpl::AddListener(DevToolsEventListener *) subscribing a listener to the already connected DevToolsClient. Connection notification will not arrive.
Feb 25, 2023 5:24:17 PM org.openqa.selenium.remote.ProtocolHandshake createSession
INFO: Detected upstream dialect: W3C
Feb 25, 2023 5:24:17 PM org.openqa.selenium.devtools.CdpVersionFinder findNearestMatch
WARNING: Unable to find an exact match for CDP version 110, so returning the closest version found: a no-op implementation
Feb 25, 2023 5:24:17 PM org.openqa.selenium.devtools.CdpVersionFinder findNearestMatch
INFO: Unable to find CDP implementation matching 110.
Feb 25, 2023 5:24:17 PM org.openqa.selenium.chromium.ChromiumDriver lambda$new$3
WARNING: Unable to find version of CDP to use for . You may need to include a dependency on a specific version of the CDP using something similar to `org.seleniumhq.selenium:selenium-devtools-v86:4.4.0` where the version ("v86") matches the version of the chromium-based browser you're using and the version number of the artifact is the same as Selenium's.
]]></system-err>
  </testcase>
  <testcase name="Verify department sidebar options #5" classname="Home Page" time="1.385">
    <system-out><![CDATA[
@test
Scenario Outline: Verify department sidebar options # features/Home.feature:24
{browser=chrome, headless=false, url=https://tek-retail-ui.azurewebsites.net/}
 INFO [main] (SignInSteps.java:28)- user is on retail website
 INFO [main] (SignInSteps.java:29)- Actual Title React App Equals  ExpectedTitle React App
  Given User is on retail website                   # tek.sdet.framework.steps.SignInSteps.userIsOnRetailWebsite()
 INFO [main] (HomeSteps.java:24)- User clicked on All section
  When User click on All section                    # tek.sdet.framework.steps.HomeSteps.userClickOnAllSection()
  And User on 'Automative'                          # tek.sdet.framework.steps.HomeSteps.userOnDepartment(java.lang.String)
 INFO [main] (HomeSteps.java:69)- Automative Parts & Accessoriesis present
 INFO [main] (HomeSteps.java:69)- MotorCycle & Powersportsis present
  Then Below options are present in department      # tek.sdet.framework.steps.HomeSteps.belowOptionsArePresentInDepartment(io.cucumber.datatable.DataTable)
    | Automative Parts & Accessories | MotorCycle & Powersports |
]]></system-out>
    <system-err><![CDATA[Starting ChromeDriver 110.0.5481.77 (65ed616c6e8ee3fe0ad64fe83796c020644d42af-refs/branch-heads/5481@{#839}) on port 59761
Only local connections are allowed.
Please see https://chromedriver.chromium.org/security-considerations for suggestions on keeping ChromeDriver safe.
ChromeDriver was started successfully.
[1677363859.292][WARNING]: virtual void DevToolsClientImpl::AddListener(DevToolsEventListener *) subscribing a listener to the already connected DevToolsClient. Connection notification will not arrive.
Feb 25, 2023 5:24:19 PM org.openqa.selenium.remote.ProtocolHandshake createSession
INFO: Detected upstream dialect: W3C
Feb 25, 2023 5:24:19 PM org.openqa.selenium.devtools.CdpVersionFinder findNearestMatch
WARNING: Unable to find an exact match for CDP version 110, so returning the closest version found: a no-op implementation
Feb 25, 2023 5:24:19 PM org.openqa.selenium.devtools.CdpVersionFinder findNearestMatch
INFO: Unable to find CDP implementation matching 110.
Feb 25, 2023 5:24:19 PM org.openqa.selenium.chromium.ChromiumDriver lambda$new$3
WARNING: Unable to find version of CDP to use for . You may need to include a dependency on a specific version of the CDP using something similar to `org.seleniumhq.selenium:selenium-devtools-v86:4.4.0` where the version ("v86") matches the version of the chromium-based browser you're using and the version number of the artifact is the same as Selenium's.
]]></system-err>
  </testcase>
  <testcase name="Verify User can add an item to cart" classname="Home Page" time="22.194">
    <system-out><![CDATA[
@test
Scenario: Verify User can add an item to cart                     # features/Home.feature:26
{browser=chrome, headless=false, url=https://tek-retail-ui.azurewebsites.net/}
 INFO [main] (SignInSteps.java:28)- user is on retail website
 INFO [main] (SignInSteps.java:29)- Actual Title React App Equals  ExpectedTitle React App
  Given User is on retail website                                 # tek.sdet.framework.steps.SignInSteps.userIsOnRetailWebsite()
 INFO [main] (SignInSteps.java:36)- User clicked on Sign in option
  When User click on Sign in option                               # tek.sdet.framework.steps.SignInSteps.userClickOnSignIn()
 INFO [main] (SignInSteps.java:51)- User entered email khris@gmail.com and password 1234@Qwer
  And User enter email 'khris@gmail.com' and password '1234@Qwer' # tek.sdet.framework.steps.SignInSteps.userEnterEmailAndPassword(java.lang.String,java.lang.String)
 INFO [main] (SignInSteps.java:57)- User clicked on login button
  And User click on login button                                  # tek.sdet.framework.steps.SignInSteps.userClickOnLoginBtn()
 INFO [main] (SignInSteps.java:63)- User should be logged in into Account
  And User should be logged in into Account                       # tek.sdet.framework.steps.SignInSteps.userLoggedIntoAccount()
 INFO [main] (HomeSteps.java:83)- User changed the category to Smart Home
  And User change the category to 'Smart Home'                    # tek.sdet.framework.steps.HomeSteps.userChangeTheCategoryTo(java.lang.String)
 INFO [main] (HomeSteps.java:89)- User searched for an item kasa outdoor smart plug
  And User search for an item 'kasa outdoor smart plug'           # tek.sdet.framework.steps.HomeSteps.userSearchForAnItem(java.lang.String)
 INFO [main] (HomeSteps.java:95)- User clicked on Search icon
  And User click on Search icon                                   # tek.sdet.framework.steps.HomeSteps.userClickOnSearchIcon()
 INFO [main] (HomeSteps.java:101)- User clicked on item
  And User click on item                                          # tek.sdet.framework.steps.HomeSteps.userClickOnItem()
 INFO [main] (HomeSteps.java:107)- User select quantity2
  And User select quantity '2'                                    # tek.sdet.framework.steps.HomeSteps.userSelectQuantity(java.lang.String)
 INFO [main] (HomeSteps.java:114)- User clicked add to Cart button
  And User click add to Cart button                               # tek.sdet.framework.steps.HomeSteps.userclickAddToCartButton()
 INFO [main] (HomeSteps.java:121)- There are 2 in the cart, and it should be 2
  Then The cart icon quantity should change to '2'                # tek.sdet.framework.steps.HomeSteps.theCartIconQuantityShouldChangeTo(java.lang.String)
]]></system-out>
    <system-err><![CDATA[Starting ChromeDriver 110.0.5481.77 (65ed616c6e8ee3fe0ad64fe83796c020644d42af-refs/branch-heads/5481@{#839}) on port 49206
Only local connections are allowed.
Please see https://chromedriver.chromium.org/security-considerations for suggestions on keeping ChromeDriver safe.
ChromeDriver was started successfully.
[1677363860.701][WARNING]: virtual void DevToolsClientImpl::AddListener(DevToolsEventListener *) subscribing a listener to the already connected DevToolsClient. Connection notification will not arrive.
Feb 25, 2023 5:24:20 PM org.openqa.selenium.remote.ProtocolHandshake createSession
INFO: Detected upstream dialect: W3C
Feb 25, 2023 5:24:20 PM org.openqa.selenium.devtools.CdpVersionFinder findNearestMatch
WARNING: Unable to find an exact match for CDP version 110, so returning the closest version found: a no-op implementation
Feb 25, 2023 5:24:20 PM org.openqa.selenium.devtools.CdpVersionFinder findNearestMatch
INFO: Unable to find CDP implementation matching 110.
Feb 25, 2023 5:24:20 PM org.openqa.selenium.chromium.ChromiumDriver lambda$new$3
WARNING: Unable to find version of CDP to use for . You may need to include a dependency on a specific version of the CDP using something similar to `org.seleniumhq.selenium:selenium-devtools-v86:4.4.0` where the version ("v86") matches the version of the chromium-based browser you're using and the version number of the artifact is the same as Selenium's.
]]></system-err>
  </testcase>
  <testcase name="Verify User can place an order without Shipping address and payment Method on file" classname="Home Page" time="24.029">
    <system-out><![CDATA[
@test
Scenario: Verify User can place an order without Shipping address and payment Method on file # features/Home.feature:39
{browser=chrome, headless=false, url=https://tek-retail-ui.azurewebsites.net/}
 INFO [main] (SignInSteps.java:28)- user is on retail website
 INFO [main] (SignInSteps.java:29)- Actual Title React App Equals  ExpectedTitle React App
  Given User is on retail website                                                            # tek.sdet.framework.steps.SignInSteps.userIsOnRetailWebsite()
 INFO [main] (SignInSteps.java:36)- User clicked on Sign in option
  When User click on Sign in option                                                          # tek.sdet.framework.steps.SignInSteps.userClickOnSignIn()
 INFO [main] (SignInSteps.java:51)- User entered email khris@gmail.com and password 1234@Qwer
  And User enter email 'khris@gmail.com' and password '1234@Qwer'                            # tek.sdet.framework.steps.SignInSteps.userEnterEmailAndPassword(java.lang.String,java.lang.String)
 INFO [main] (SignInSteps.java:57)- User clicked on login button
  And User click on login button                                                             # tek.sdet.framework.steps.SignInSteps.userClickOnLoginBtn()
 INFO [main] (SignInSteps.java:63)- User should be logged in into Account
  And User should be logged in into Account                                                  # tek.sdet.framework.steps.SignInSteps.userLoggedIntoAccount()
 INFO [main] (HomeSteps.java:83)- User changed the category to Smart Home
  And User change the category to 'Smart Home'                                               # tek.sdet.framework.steps.HomeSteps.userChangeTheCategoryTo(java.lang.String)
 INFO [main] (HomeSteps.java:89)- User searched for an item kasa outdoor smart plug
  And User search for an item 'kasa outdoor smart plug'                                      # tek.sdet.framework.steps.HomeSteps.userSearchForAnItem(java.lang.String)
 INFO [main] (HomeSteps.java:95)- User clicked on Search icon
  And User click on Search icon                                                              # tek.sdet.framework.steps.HomeSteps.userClickOnSearchIcon()
 INFO [main] (HomeSteps.java:101)- User clicked on item
  And User click on item                                                                     # tek.sdet.framework.steps.HomeSteps.userClickOnItem()
 INFO [main] (HomeSteps.java:107)- User select quantity2
  And User select quantity '2'                                                               # tek.sdet.framework.steps.HomeSteps.userSelectQuantity(java.lang.String)
 INFO [main] (HomeSteps.java:114)- User clicked add to Cart button
  And User click add to Cart button                                                          # tek.sdet.framework.steps.HomeSteps.userclickAddToCartButton()
 INFO [main] (HomeSteps.java:121)- There are 2 in the cart, and it should be 2
  Then The cart icon quantity should change to '2'                                           # tek.sdet.framework.steps.HomeSteps.theCartIconQuantityShouldChangeTo(java.lang.String)
 INFO [main] (HomeSteps.java:127)- User clicked on Cart option
  And User click on Cart option                                                              # tek.sdet.framework.steps.HomeSteps.userClickOnCartOption()
 INFO [main] (HomeSteps.java:132)- User clicked on Proceed to Checkout button
  And User click on Proceed to Checkout button                                               # tek.sdet.framework.steps.HomeSteps.userClickOnProceedToCheckoutButton()
 INFO [main] (HomeSteps.java:137)- User clicked Add a new address link for shipping address
  And User click Add a new address link for shipping address                                 # tek.sdet.framework.steps.HomeSteps.userClickAddANewAddressLinkForShippingAddress()
 INFO [main] (RetailAccountSteps.java:204)- User filled new address form
  And User fill new address form with below information                                      # tek.sdet.framework.steps.RetailAccountSteps.userFillNewAddressFormWithBelowInformation(io.cucumber.datatable.DataTable)
    | country | fullName | phoneNumber | streetAddress | apt | city | state | zipCode |
 INFO [main] (RetailAccountSteps.java:229)- User clicked Add Your Address button
  And User click Add Your Address button                                                     # tek.sdet.framework.steps.RetailAccountSteps.userClickAddYourAddressButton()
 INFO [main] (HomeSteps.java:142)- User clicked Add a credit card or Debit Card for Payment method
  And User click Add a credit card or Debit Card for Payment method                          # tek.sdet.framework.steps.HomeSteps.userClickAddACreditCardOrDebitCardForPaymentMethod()
 INFO [main] (RetailAccountSteps.java:98)- User filled Debit or credit card information
  And User fill Debit or credit card information                                             # tek.sdet.framework.steps.RetailAccountSteps.userFillDebitOrCreditCardInfo(io.cucumber.datatable.DataTable)
    | cardNumber | nameOnCard | expirationMonth | expirationYear | securityCode |
    | cardNumber | fullName   | 6               | 2023           | securityCode |
 INFO [main] (RetailAccountSteps.java:104)- User clicked on Add your card button
  And User click on Add your card button                                                     # tek.sdet.framework.steps.RetailAccountSteps.userClickOnAddYourCardBtn()
 INFO [main] (HomeSteps.java:147)- User clicked on Place Your Order
  And User click on Place Your Order                                                         # tek.sdet.framework.steps.HomeSteps.userClickOnPlaceYourOrder()
 INFO [main] (HomeSteps.java:152)- A message should be displayed ‘Order Placed, Thanks’
  Then A message should be displayed â€˜Order Placed, Thanksâ€™                                  # tek.sdet.framework.steps.HomeSteps.aMessageShouldBeDisplayedOrderPlacedThanks()
]]></system-out>
    <system-err><![CDATA[Starting ChromeDriver 110.0.5481.77 (65ed616c6e8ee3fe0ad64fe83796c020644d42af-refs/branch-heads/5481@{#839}) on port 54804
Only local connections are allowed.
Please see https://chromedriver.chromium.org/security-considerations for suggestions on keeping ChromeDriver safe.
ChromeDriver was started successfully.
[1677363882.872][WARNING]: virtual void DevToolsClientImpl::AddListener(DevToolsEventListener *) subscribing a listener to the already connected DevToolsClient. Connection notification will not arrive.
Feb 25, 2023 5:24:42 PM org.openqa.selenium.remote.ProtocolHandshake createSession
INFO: Detected upstream dialect: W3C
Feb 25, 2023 5:24:42 PM org.openqa.selenium.devtools.CdpVersionFinder findNearestMatch
WARNING: Unable to find an exact match for CDP version 110, so returning the closest version found: a no-op implementation
Feb 25, 2023 5:24:42 PM org.openqa.selenium.devtools.CdpVersionFinder findNearestMatch
INFO: Unable to find CDP implementation matching 110.
Feb 25, 2023 5:24:42 PM org.openqa.selenium.chromium.ChromiumDriver lambda$new$3
WARNING: Unable to find version of CDP to use for . You may need to include a dependency on a specific version of the CDP using something similar to `org.seleniumhq.selenium:selenium-devtools-v86:4.4.0` where the version ("v86") matches the version of the chromium-based browser you're using and the version number of the artifact is the same as Selenium's.
]]></system-err>
  </testcase>
  <testcase name="Verify User can place an order with Shipping address and payment Method on file" classname="Home Page" time="22.875">
    <system-out><![CDATA[
@test
Scenario: Verify User can place an order with Shipping address and payment Method on file # features/Home.feature:65
{browser=chrome, headless=false, url=https://tek-retail-ui.azurewebsites.net/}
 INFO [main] (SignInSteps.java:28)- user is on retail website
 INFO [main] (SignInSteps.java:29)- Actual Title React App Equals  ExpectedTitle React App
  Given User is on retail website                                                         # tek.sdet.framework.steps.SignInSteps.userIsOnRetailWebsite()
 INFO [main] (SignInSteps.java:36)- User clicked on Sign in option
  When User click on Sign in option                                                       # tek.sdet.framework.steps.SignInSteps.userClickOnSignIn()
 INFO [main] (SignInSteps.java:51)- User entered email khris@gmail.com and password 1234@Qwer
  And User enter email 'khris@gmail.com' and password '1234@Qwer'                         # tek.sdet.framework.steps.SignInSteps.userEnterEmailAndPassword(java.lang.String,java.lang.String)
 INFO [main] (SignInSteps.java:57)- User clicked on login button
  And User click on login button                                                          # tek.sdet.framework.steps.SignInSteps.userClickOnLoginBtn()
 INFO [main] (SignInSteps.java:63)- User should be logged in into Account
  And User should be logged in into Account                                               # tek.sdet.framework.steps.SignInSteps.userLoggedIntoAccount()
 INFO [main] (HomeSteps.java:83)- User changed the category to Electronics
  And User change the category to 'Electronics'                                           # tek.sdet.framework.steps.HomeSteps.userChangeTheCategoryTo(java.lang.String)
 INFO [main] (HomeSteps.java:89)- User searched for an item Apex Legends
  And User search for an item 'Apex Legends'                                              # tek.sdet.framework.steps.HomeSteps.userSearchForAnItem(java.lang.String)
 INFO [main] (HomeSteps.java:95)- User clicked on Search icon
  And User click on Search icon                                                           # tek.sdet.framework.steps.HomeSteps.userClickOnSearchIcon()
 INFO [main] (HomeSteps.java:101)- User clicked on item
  And User click on item                                                                  # tek.sdet.framework.steps.HomeSteps.userClickOnItem()
 INFO [main] (HomeSteps.java:107)- User select quantity5
  And User select quantity '5'                                                            # tek.sdet.framework.steps.HomeSteps.userSelectQuantity(java.lang.String)
 INFO [main] (HomeSteps.java:114)- User clicked add to Cart button
  And User click add to Cart button                                                       # tek.sdet.framework.steps.HomeSteps.userclickAddToCartButton()
 INFO [main] (HomeSteps.java:121)- There are 5 in the cart, and it should be 5
  Then The cart icon quantity should change to '5'                                        # tek.sdet.framework.steps.HomeSteps.theCartIconQuantityShouldChangeTo(java.lang.String)
 INFO [main] (HomeSteps.java:127)- User clicked on Cart option
  And User click on Cart option                                                           # tek.sdet.framework.steps.HomeSteps.userClickOnCartOption()
 INFO [main] (HomeSteps.java:132)- User clicked on Proceed to Checkout button
  And User click on Proceed to Checkout button                                            # tek.sdet.framework.steps.HomeSteps.userClickOnProceedToCheckoutButton()
 INFO [main] (HomeSteps.java:147)- User clicked on Place Your Order
  And User click on Place Your Order                                                      # tek.sdet.framework.steps.HomeSteps.userClickOnPlaceYourOrder()
 INFO [main] (HomeSteps.java:152)- A message should be displayed ‘Order Placed, Thanks’
  Then A message should be displayed â€˜Order Placed, Thanksâ€™                               # tek.sdet.framework.steps.HomeSteps.aMessageShouldBeDisplayedOrderPlacedThanks()
]]></system-out>
    <system-err><![CDATA[Starting ChromeDriver 110.0.5481.77 (65ed616c6e8ee3fe0ad64fe83796c020644d42af-refs/branch-heads/5481@{#839}) on port 50926
Only local connections are allowed.
Please see https://chromedriver.chromium.org/security-considerations for suggestions on keeping ChromeDriver safe.
ChromeDriver was started successfully.
[1677363906.918][WARNING]: virtual void DevToolsClientImpl::AddListener(DevToolsEventListener *) subscribing a listener to the already connected DevToolsClient. Connection notification will not arrive.
Feb 25, 2023 5:25:06 PM org.openqa.selenium.remote.ProtocolHandshake createSession
INFO: Detected upstream dialect: W3C
Feb 25, 2023 5:25:06 PM org.openqa.selenium.devtools.CdpVersionFinder findNearestMatch
WARNING: Unable to find an exact match for CDP version 110, so returning the closest version found: a no-op implementation
Feb 25, 2023 5:25:06 PM org.openqa.selenium.devtools.CdpVersionFinder findNearestMatch
INFO: Unable to find CDP implementation matching 110.
Feb 25, 2023 5:25:06 PM org.openqa.selenium.chromium.ChromiumDriver lambda$new$3
WARNING: Unable to find version of CDP to use for . You may need to include a dependency on a specific version of the CDP using something similar to `org.seleniumhq.selenium:selenium-devtools-v86:4.4.0` where the version ("v86") matches the version of the chromium-based browser you're using and the version number of the artifact is the same as Selenium's.
]]></system-err>
  </testcase>
  <testcase name="Verify User can cancel the order" classname="Retail Order Page" time="29.958">
    <error message="element click intercepted: Element &lt;button class=&quot;order__content-btn&quot; id=&quot;cancelBtn&quot;&gt;...&lt;/button&gt; is not clickable at point (983, 369). Other element would receive the click: &lt;div class=&quot;Toastify__toast-container Toastify__toast-container--bottom-right&quot;&gt;...&lt;/div&gt;&#10;  (Session info: chrome=110.0.5481.177)&#10;Build info: version: &apos;4.4.0&apos;, revision: &apos;e5c75ed026a&apos;&#10;System info: host: &apos;LAPTOP-AEO8Q0T2&apos;, ip: &apos;192.168.0.132&apos;, os.name: &apos;Windows 11&apos;, os.arch: &apos;amd64&apos;, os.version: &apos;10.0&apos;, java.version: &apos;17.0.5&apos;&#10;Driver info: org.openqa.selenium.chrome.ChromeDriver&#10;Command: [971101690d17faaffaf7383443591620, clickElement {id=d3517159-3ab6-4d8e-8b02-d36d59a7690d}]&#10;Capabilities {acceptInsecureCerts: false, browserName: chrome, browserVersion: 110.0.5481.177, chrome: {chromedriverVersion: 110.0.5481.77 (65ed616c6e8e..., userDataDir: C:\Users\khris\AppData\Loca...}, goog:chromeOptions: {debuggerAddress: localhost:58294}, networkConnectionEnabled: false, pageLoadStrategy: normal, platformName: WINDOWS, proxy: Proxy(), se:cdp: ws://localhost:58294/devtoo..., se:cdpVersion: 110.0.5481.177, setWindowRect: true, strictFileInteractability: false, timeouts: {implicit: 0, pageLoad: 300000, script: 30000}, unhandledPromptBehavior: dismiss and notify, webauthn:extension:credBlob: true, webauthn:extension:largeBlob: true, webauthn:virtualAuthenticators: true}&#10;Element: [[ChromeDriver: chrome on WINDOWS (971101690d17faaffaf7383443591620)] -&gt; id: cancelBtn]&#10;Session ID: 971101690d17faaffaf7383443591620" type="org.openqa.selenium.ElementClickInterceptedException"><![CDATA[org.openqa.selenium.ElementClickInterceptedException: 
element click intercepted: Element <button class="order__content-btn" id="cancelBtn">...</button> is not clickable at point (983, 369). Other element would receive the click: <div class="Toastify__toast-container Toastify__toast-container--bottom-right">...</div>
  (Session info: chrome=110.0.5481.177)
Build info: version: '4.4.0', revision: 'e5c75ed026a'
System info: host: 'LAPTOP-AEO8Q0T2', ip: '192.168.0.132', os.name: 'Windows 11', os.arch: 'amd64', os.version: '10.0', java.version: '17.0.5'
Driver info: org.openqa.selenium.chrome.ChromeDriver
Command: [971101690d17faaffaf7383443591620, clickElement {id=d3517159-3ab6-4d8e-8b02-d36d59a7690d}]
Capabilities {acceptInsecureCerts: false, browserName: chrome, browserVersion: 110.0.5481.177, chrome: {chromedriverVersion: 110.0.5481.77 (65ed616c6e8e..., userDataDir: C:\Users\khris\AppData\Loca...}, goog:chromeOptions: {debuggerAddress: localhost:58294}, networkConnectionEnabled: false, pageLoadStrategy: normal, platformName: WINDOWS, proxy: Proxy(), se:cdp: ws://localhost:58294/devtoo..., se:cdpVersion: 110.0.5481.177, setWindowRect: true, strictFileInteractability: false, timeouts: {implicit: 0, pageLoad: 300000, script: 30000}, unhandledPromptBehavior: dismiss and notify, webauthn:extension:credBlob: true, webauthn:extension:largeBlob: true, webauthn:virtualAuthenticators: true}
Element: [[ChromeDriver: chrome on WINDOWS (971101690d17faaffaf7383443591620)] -> id: cancelBtn]
Session ID: 971101690d17faaffaf7383443591620
	at java.base/jdk.internal.reflect.NativeConstructorAccessorImpl.newInstance0(Native Method)
	at java.base/jdk.internal.reflect.NativeConstructorAccessorImpl.newInstance(NativeConstructorAccessorImpl.java:77)
	at java.base/jdk.internal.reflect.DelegatingConstructorAccessorImpl.newInstance(DelegatingConstructorAccessorImpl.java:45)
	at java.base/java.lang.reflect.Constructor.newInstanceWithCaller(Constructor.java:499)
	at java.base/java.lang.reflect.Constructor.newInstance(Constructor.java:480)
	at org.openqa.selenium.remote.codec.w3c.W3CHttpResponseCodec.createException(W3CHttpResponseCodec.java:200)
	at org.openqa.selenium.remote.codec.w3c.W3CHttpResponseCodec.decode(W3CHttpResponseCodec.java:133)
	at org.openqa.selenium.remote.codec.w3c.W3CHttpResponseCodec.decode(W3CHttpResponseCodec.java:53)
	at org.openqa.selenium.remote.HttpCommandExecutor.execute(HttpCommandExecutor.java:184)
	at org.openqa.selenium.remote.service.DriverCommandExecutor.invokeExecute(DriverCommandExecutor.java:167)
	at org.openqa.selenium.remote.service.DriverCommandExecutor.execute(DriverCommandExecutor.java:142)
	at org.openqa.selenium.remote.RemoteWebDriver.execute(RemoteWebDriver.java:547)
	at org.openqa.selenium.remote.RemoteWebElement.execute(RemoteWebElement.java:257)
	at org.openqa.selenium.remote.RemoteWebElement.click(RemoteWebElement.java:78)
	at jdk.internal.reflect.GeneratedMethodAccessor76.invoke(Unknown Source)
	at java.base/jdk.internal.reflect.DelegatingMethodAccessorImpl.invoke(DelegatingMethodAccessorImpl.java:43)
	at java.base/java.lang.reflect.Method.invoke(Method.java:568)
	at org.openqa.selenium.support.pagefactory.internal.LocatingElementHandler.invoke(LocatingElementHandler.java:52)
	at jdk.proxy2/jdk.proxy2.$Proxy26.click(Unknown Source)
	at tek.sdet.framework.utilities.CommonUtility.click(CommonUtility.java:48)
	at tek.sdet.framework.steps.RetailOrderSteps.userClickOnCancelTheOrderBtn(RetailOrderSteps.java:40)
	at ✽.User click on Cancel The Order button(classpath:features/RetailOrder.feature:40)
]]></error>
    <system-out><![CDATA[
@test
Scenario: Verify User can cancel the order                                       # features/RetailOrder.feature:39
{browser=chrome, headless=false, url=https://tek-retail-ui.azurewebsites.net/}
 INFO [main] (SignInSteps.java:28)- user is on retail website
 INFO [main] (SignInSteps.java:29)- Actual Title React App Equals  ExpectedTitle React App
  Given User is on retail website                                                # tek.sdet.framework.steps.SignInSteps.userIsOnRetailWebsite()
 INFO [main] (SignInSteps.java:36)- User clicked on Sign in option
  When User click on Sign in option                                              # tek.sdet.framework.steps.SignInSteps.userClickOnSignIn()
 INFO [main] (SignInSteps.java:51)- User entered email khris@gmail.com and password 1234@Qwer
  And User enter email 'khris@gmail.com' and password '1234@Qwer'                # tek.sdet.framework.steps.SignInSteps.userEnterEmailAndPassword(java.lang.String,java.lang.String)
 INFO [main] (SignInSteps.java:57)- User clicked on login button
  And User click on login button                                                 # tek.sdet.framework.steps.SignInSteps.userClickOnLoginBtn()
 INFO [main] (SignInSteps.java:63)- User should be logged in into Account
  And User should be logged in into Account                                      # tek.sdet.framework.steps.SignInSteps.userLoggedIntoAccount()
 INFO [main] (HomeSteps.java:83)- User changed the category to Electronics
  And User change the category to 'Electronics'                                  # tek.sdet.framework.steps.HomeSteps.userChangeTheCategoryTo(java.lang.String)
 INFO [main] (HomeSteps.java:89)- User searched for an item Apex Legends
  And User search for an item 'Apex Legends'                                     # tek.sdet.framework.steps.HomeSteps.userSearchForAnItem(java.lang.String)
 INFO [main] (HomeSteps.java:95)- User clicked on Search icon
  And User click on Search icon                                                  # tek.sdet.framework.steps.HomeSteps.userClickOnSearchIcon()
 INFO [main] (HomeSteps.java:101)- User clicked on item
  And User click on item                                                         # tek.sdet.framework.steps.HomeSteps.userClickOnItem()
 INFO [main] (HomeSteps.java:107)- User select quantity2
  And User select quantity '2'                                                   # tek.sdet.framework.steps.HomeSteps.userSelectQuantity(java.lang.String)
 INFO [main] (HomeSteps.java:114)- User clicked add to Cart button
  And User click add to Cart button                                              # tek.sdet.framework.steps.HomeSteps.userclickAddToCartButton()
 INFO [main] (HomeSteps.java:121)- There are 2 in the cart, and it should be 2
  Then The cart icon quantity should change to '2'                               # tek.sdet.framework.steps.HomeSteps.theCartIconQuantityShouldChangeTo(java.lang.String)
 INFO [main] (HomeSteps.java:127)- User clicked on Cart option
  And User click on Cart option                                                  # tek.sdet.framework.steps.HomeSteps.userClickOnCartOption()
 INFO [main] (HomeSteps.java:132)- User clicked on Proceed to Checkout button
  And User click on Proceed to Checkout button                                   # tek.sdet.framework.steps.HomeSteps.userClickOnProceedToCheckoutButton()
 INFO [main] (HomeSteps.java:137)- User clicked Add a new address link for shipping address
  And User click Add a new address link for shipping address                     # tek.sdet.framework.steps.HomeSteps.userClickAddANewAddressLinkForShippingAddress()
 INFO [main] (RetailAccountSteps.java:204)- User filled new address form
  And User fill new address form with below information                          # tek.sdet.framework.steps.RetailAccountSteps.userFillNewAddressFormWithBelowInformation(io.cucumber.datatable.DataTable)
    | country | fullName | phoneNumber | streetAddress | apt | city | state | zipCode |
 INFO [main] (RetailAccountSteps.java:229)- User clicked Add Your Address button
  And User click Add Your Address button                                         # tek.sdet.framework.steps.RetailAccountSteps.userClickAddYourAddressButton()
 INFO [main] (HomeSteps.java:142)- User clicked Add a credit card or Debit Card for Payment method
  And User click Add a credit card or Debit Card for Payment method              # tek.sdet.framework.steps.HomeSteps.userClickAddACreditCardOrDebitCardForPaymentMethod()
 INFO [main] (RetailAccountSteps.java:98)- User filled Debit or credit card information
  And User fill Debit or credit card information                                 # tek.sdet.framework.steps.RetailAccountSteps.userFillDebitOrCreditCardInfo(io.cucumber.datatable.DataTable)
    | cardNumber | nameOnCard | expirationMonth | expirationYear | securityCode |
    | cardNumber | fullName   | 6               | 2023           | securityCode |
 INFO [main] (RetailAccountSteps.java:104)- User clicked on Add your card button
  And User click on Add your card button                                         # tek.sdet.framework.steps.RetailAccountSteps.userClickOnAddYourCardBtn()
 INFO [main] (HomeSteps.java:147)- User clicked on Place Your Order
  And User click on Place Your Order                                             # tek.sdet.framework.steps.HomeSteps.userClickOnPlaceYourOrder()
 INFO [main] (HomeSteps.java:147)- User clicked on Place Your Order
  And User click on Place Your Order                                             # tek.sdet.framework.steps.HomeSteps.userClickOnPlaceYourOrder()
 INFO [main] (HomeSteps.java:152)- A message should be displayed ‘Order Placed, Thanks’
  Then A message should be displayed â€˜Order Placed, Thanksâ€™                      # tek.sdet.framework.steps.HomeSteps.aMessageShouldBeDisplayedOrderPlacedThanks()
 INFO [main] (RetailOrderSteps.java:23)- User clicked on Orders section
  And User click on Orders section                                               # tek.sdet.framework.steps.RetailOrderSteps.userClickOnOrdersSection()
  And User click on Cancel The Order button                                      # tek.sdet.framework.steps.RetailOrderSteps.userClickOnCancelTheOrderBtn()
      org.openqa.selenium.ElementClickInterceptedException: element click intercepted: Element <button class="order__content-btn" id="cancelBtn">...</button> is not clickable at point (983, 369). Other element would receive the click: <div class="Toastify__toast-container Toastify__toast-container--bottom-right">...</div>
  (Session info: chrome=110.0.5481.177)
Build info: version: '4.4.0', revision: 'e5c75ed026a'
System info: host: 'LAPTOP-AEO8Q0T2', ip: '192.168.0.132', os.name: 'Windows 11', os.arch: 'amd64', os.version: '10.0', java.version: '17.0.5'
Driver info: org.openqa.selenium.chrome.ChromeDriver
Command: [971101690d17faaffaf7383443591620, clickElement {id=d3517159-3ab6-4d8e-8b02-d36d59a7690d}]
Capabilities {acceptInsecureCerts: false, browserName: chrome, browserVersion: 110.0.5481.177, chrome: {chromedriverVersion: 110.0.5481.77 (65ed616c6e8e..., userDataDir: C:\Users\khris\AppData\Loca...}, goog:chromeOptions: {debuggerAddress: localhost:58294}, networkConnectionEnabled: false, pageLoadStrategy: normal, platformName: WINDOWS, proxy: Proxy(), se:cdp: ws://localhost:58294/devtoo..., se:cdpVersion: 110.0.5481.177, setWindowRect: true, strictFileInteractability: false, timeouts: {implicit: 0, pageLoad: 300000, script: 30000}, unhandledPromptBehavior: dismiss and notify, webauthn:extension:credBlob: true, webauthn:extension:largeBlob: true, webauthn:virtualAuthenticators: true}
Element: [[ChromeDriver: chrome on WINDOWS (971101690d17faaffaf7383443591620)] -> id: cancelBtn]
Session ID: 971101690d17faaffaf7383443591620
	at java.base/jdk.internal.reflect.NativeConstructorAccessorImpl.newInstance0(Native Method)
	at java.base/jdk.internal.reflect.NativeConstructorAccessorImpl.newInstance(NativeConstructorAccessorImpl.java:77)
	at java.base/jdk.internal.reflect.DelegatingConstructorAccessorImpl.newInstance(DelegatingConstructorAccessorImpl.java:45)
	at java.base/java.lang.reflect.Constructor.newInstanceWithCaller(Constructor.java:499)
	at java.base/java.lang.reflect.Constructor.newInstance(Constructor.java:480)
	at org.openqa.selenium.remote.codec.w3c.W3CHttpResponseCodec.createException(W3CHttpResponseCodec.java:200)
	at org.openqa.selenium.remote.codec.w3c.W3CHttpResponseCodec.decode(W3CHttpResponseCodec.java:133)
	at org.openqa.selenium.remote.codec.w3c.W3CHttpResponseCodec.decode(W3CHttpResponseCodec.java:53)
	at org.openqa.selenium.remote.HttpCommandExecutor.execute(HttpCommandExecutor.java:184)
	at org.openqa.selenium.remote.service.DriverCommandExecutor.invokeExecute(DriverCommandExecutor.java:167)
	at org.openqa.selenium.remote.service.DriverCommandExecutor.execute(DriverCommandExecutor.java:142)
	at org.openqa.selenium.remote.RemoteWebDriver.execute(RemoteWebDriver.java:547)
	at org.openqa.selenium.remote.RemoteWebElement.execute(RemoteWebElement.java:257)
	at org.openqa.selenium.remote.RemoteWebElement.click(RemoteWebElement.java:78)
	at jdk.internal.reflect.GeneratedMethodAccessor76.invoke(Unknown Source)
	at java.base/jdk.internal.reflect.DelegatingMethodAccessorImpl.invoke(DelegatingMethodAccessorImpl.java:43)
	at java.base/java.lang.reflect.Method.invoke(Method.java:568)
	at org.openqa.selenium.support.pagefactory.internal.LocatingElementHandler.invoke(LocatingElementHandler.java:52)
	at jdk.proxy2/jdk.proxy2.$Proxy26.click(Unknown Source)
	at tek.sdet.framework.utilities.CommonUtility.click(CommonUtility.java:48)
	at tek.sdet.framework.steps.RetailOrderSteps.userClickOnCancelTheOrderBtn(RetailOrderSteps.java:40)
	at âœ½.User click on Cancel The Order button(classpath:features/RetailOrder.feature:40)

  And User select the cancelation Reason 'Bought wrong item'                     # tek.sdet.framework.steps.RetailOrderSteps.userSelectTheCancelationReasonBoughtWrongItem(java.lang.String)
  And User click on Cancel Order button                                          # tek.sdet.framework.steps.RetailOrderSteps.userClickOnCancelOrderButton()
  Then A cancelation message should be displayed â€˜Your Order Has Been Cancelledâ€™ # tek.sdet.framework.steps.RetailOrderSteps.aCancelationMessageShouldBeDisplayedYourOrderHasBeenCancelled()

    Embedding Verify User can cancel the orderscenario failed [image/png 124319 bytes]

]]></system-out>
    <system-err><![CDATA[Starting ChromeDriver 110.0.5481.77 (65ed616c6e8ee3fe0ad64fe83796c020644d42af-refs/branch-heads/5481@{#839}) on port 49436
Only local connections are allowed.
Please see https://chromedriver.chromium.org/security-considerations for suggestions on keeping ChromeDriver safe.
ChromeDriver was started successfully.
[1677363929.802][WARNING]: virtual void DevToolsClientImpl::AddListener(DevToolsEventListener *) subscribing a listener to the already connected DevToolsClient. Connection notification will not arrive.
Feb 25, 2023 5:25:29 PM org.openqa.selenium.remote.ProtocolHandshake createSession
INFO: Detected upstream dialect: W3C
Feb 25, 2023 5:25:29 PM org.openqa.selenium.devtools.CdpVersionFinder findNearestMatch
WARNING: Unable to find an exact match for CDP version 110, so returning the closest version found: a no-op implementation
Feb 25, 2023 5:25:29 PM org.openqa.selenium.devtools.CdpVersionFinder findNearestMatch
INFO: Unable to find CDP implementation matching 110.
Feb 25, 2023 5:25:29 PM org.openqa.selenium.chromium.ChromiumDriver lambda$new$3
WARNING: Unable to find version of CDP to use for . You may need to include a dependency on a specific version of the CDP using something similar to `org.seleniumhq.selenium:selenium-devtools-v86:4.4.0` where the version ("v86") matches the version of the chromium-based browser you're using and the version number of the artifact is the same as Selenium's.
]]></system-err>
  </testcase>
  <testcase name="Verify User can Return the order" classname="Retail Order Page" time="34.189">
    <system-out><![CDATA[
@test
Scenario: Verify User can Return the order                               # features/RetailOrder.feature:45
{browser=chrome, headless=false, url=https://tek-retail-ui.azurewebsites.net/}
 INFO [main] (SignInSteps.java:28)- user is on retail website
 INFO [main] (SignInSteps.java:29)- Actual Title React App Equals  ExpectedTitle React App
  Given User is on retail website                                        # tek.sdet.framework.steps.SignInSteps.userIsOnRetailWebsite()
 INFO [main] (SignInSteps.java:36)- User clicked on Sign in option
  When User click on Sign in option                                      # tek.sdet.framework.steps.SignInSteps.userClickOnSignIn()
 INFO [main] (SignInSteps.java:51)- User entered email khris@gmail.com and password 1234@Qwer
  And User enter email 'khris@gmail.com' and password '1234@Qwer'        # tek.sdet.framework.steps.SignInSteps.userEnterEmailAndPassword(java.lang.String,java.lang.String)
 INFO [main] (SignInSteps.java:57)- User clicked on login button
  And User click on login button                                         # tek.sdet.framework.steps.SignInSteps.userClickOnLoginBtn()
 INFO [main] (SignInSteps.java:63)- User should be logged in into Account
  And User should be logged in into Account                              # tek.sdet.framework.steps.SignInSteps.userLoggedIntoAccount()
 INFO [main] (HomeSteps.java:83)- User changed the category to Electronics
  And User change the category to 'Electronics'                          # tek.sdet.framework.steps.HomeSteps.userChangeTheCategoryTo(java.lang.String)
 INFO [main] (HomeSteps.java:89)- User searched for an item Apex Legends
  And User search for an item 'Apex Legends'                             # tek.sdet.framework.steps.HomeSteps.userSearchForAnItem(java.lang.String)
 INFO [main] (HomeSteps.java:95)- User clicked on Search icon
  And User click on Search icon                                          # tek.sdet.framework.steps.HomeSteps.userClickOnSearchIcon()
 INFO [main] (HomeSteps.java:101)- User clicked on item
  And User click on item                                                 # tek.sdet.framework.steps.HomeSteps.userClickOnItem()
 INFO [main] (HomeSteps.java:107)- User select quantity2
  And User select quantity '2'                                           # tek.sdet.framework.steps.HomeSteps.userSelectQuantity(java.lang.String)
 INFO [main] (HomeSteps.java:114)- User clicked add to Cart button
  And User click add to Cart button                                      # tek.sdet.framework.steps.HomeSteps.userclickAddToCartButton()
 INFO [main] (HomeSteps.java:121)- There are 2 in the cart, and it should be 2
  Then The cart icon quantity should change to '2'                       # tek.sdet.framework.steps.HomeSteps.theCartIconQuantityShouldChangeTo(java.lang.String)
 INFO [main] (HomeSteps.java:127)- User clicked on Cart option
  And User click on Cart option                                          # tek.sdet.framework.steps.HomeSteps.userClickOnCartOption()
 INFO [main] (HomeSteps.java:132)- User clicked on Proceed to Checkout button
  And User click on Proceed to Checkout button                           # tek.sdet.framework.steps.HomeSteps.userClickOnProceedToCheckoutButton()
 INFO [main] (HomeSteps.java:137)- User clicked Add a new address link for shipping address
  And User click Add a new address link for shipping address             # tek.sdet.framework.steps.HomeSteps.userClickAddANewAddressLinkForShippingAddress()
 INFO [main] (RetailAccountSteps.java:204)- User filled new address form
  And User fill new address form with below information                  # tek.sdet.framework.steps.RetailAccountSteps.userFillNewAddressFormWithBelowInformation(io.cucumber.datatable.DataTable)
    | country | fullName | phoneNumber | streetAddress | apt | city | state | zipCode |
 INFO [main] (RetailAccountSteps.java:229)- User clicked Add Your Address button
  And User click Add Your Address button                                 # tek.sdet.framework.steps.RetailAccountSteps.userClickAddYourAddressButton()
 INFO [main] (HomeSteps.java:142)- User clicked Add a credit card or Debit Card for Payment method
  And User click Add a credit card or Debit Card for Payment method      # tek.sdet.framework.steps.HomeSteps.userClickAddACreditCardOrDebitCardForPaymentMethod()
 INFO [main] (RetailAccountSteps.java:98)- User filled Debit or credit card information
  And User fill Debit or credit card information                         # tek.sdet.framework.steps.RetailAccountSteps.userFillDebitOrCreditCardInfo(io.cucumber.datatable.DataTable)
    | cardNumber | nameOnCard | expirationMonth | expirationYear | securityCode |
    | cardNumber | fullName   | 6               | 2023           | securityCode |
 INFO [main] (RetailAccountSteps.java:104)- User clicked on Add your card button
  And User click on Add your card button                                 # tek.sdet.framework.steps.RetailAccountSteps.userClickOnAddYourCardBtn()
 INFO [main] (HomeSteps.java:147)- User clicked on Place Your Order
  And User click on Place Your Order                                     # tek.sdet.framework.steps.HomeSteps.userClickOnPlaceYourOrder()
 INFO [main] (HomeSteps.java:147)- User clicked on Place Your Order
  And User click on Place Your Order                                     # tek.sdet.framework.steps.HomeSteps.userClickOnPlaceYourOrder()
 INFO [main] (HomeSteps.java:152)- A message should be displayed ‘Order Placed, Thanks’
  Then A message should be displayed â€˜Order Placed, Thanksâ€™              # tek.sdet.framework.steps.HomeSteps.aMessageShouldBeDisplayedOrderPlacedThanks()
 INFO [main] (RetailOrderSteps.java:23)- User clicked on Orders section
  And User click on Orders section                                       # tek.sdet.framework.steps.RetailOrderSteps.userClickOnOrdersSection()
 INFO [main] (RetailOrderSteps.java:67)- User clicked on Return Items button
  And User click on Return Items button                                  # tek.sdet.framework.steps.RetailOrderSteps.userClickOnReturnItemsButton()
 INFO [main] (RetailOrderSteps.java:73)- User selected the Return Reason Item damaged
  And User select the Return Reason 'Item damaged'                       # tek.sdet.framework.steps.RetailOrderSteps.userSelectTheReturnReason(java.lang.String)
 INFO [main] (RetailOrderSteps.java:79)- User selected the drop off service FedEx
  And User select the drop off service 'FedEx'                           # tek.sdet.framework.steps.RetailOrderSteps.userSelectTheDropOffServiceFedEx(java.lang.String)
 INFO [main] (RetailOrderSteps.java:86)- User clicked on Return Order button
  And User click on Return Order button                                  # tek.sdet.framework.steps.RetailOrderSteps.userClickOnReturnOrderButton()
 INFO [main] (RetailOrderSteps.java:92)- A cancelation message should be displayed ‘Return was successful’
  Then A cancelation message should be displayed â€˜Return was successfulâ€™ # tek.sdet.framework.steps.RetailOrderSteps.aCancelationMessageShouldBeDisplayedReturnWasSuccessful()
]]></system-out>
    <system-err><![CDATA[Starting ChromeDriver 110.0.5481.77 (65ed616c6e8ee3fe0ad64fe83796c020644d42af-refs/branch-heads/5481@{#839}) on port 51447
Only local connections are allowed.
Please see https://chromedriver.chromium.org/security-considerations for suggestions on keeping ChromeDriver safe.
ChromeDriver was started successfully.
[1677363959.747][WARNING]: virtual void DevToolsClientImpl::AddListener(DevToolsEventListener *) subscribing a listener to the already connected DevToolsClient. Connection notification will not arrive.
Feb 25, 2023 5:25:59 PM org.openqa.selenium.remote.ProtocolHandshake createSession
INFO: Detected upstream dialect: W3C
Feb 25, 2023 5:25:59 PM org.openqa.selenium.devtools.CdpVersionFinder findNearestMatch
WARNING: Unable to find an exact match for CDP version 110, so returning the closest version found: a no-op implementation
Feb 25, 2023 5:25:59 PM org.openqa.selenium.devtools.CdpVersionFinder findNearestMatch
INFO: Unable to find CDP implementation matching 110.
Feb 25, 2023 5:25:59 PM org.openqa.selenium.chromium.ChromiumDriver lambda$new$3
WARNING: Unable to find version of CDP to use for . You may need to include a dependency on a specific version of the CDP using something similar to `org.seleniumhq.selenium:selenium-devtools-v86:4.4.0` where the version ("v86") matches the version of the chromium-based browser you're using and the version number of the artifact is the same as Selenium's.
]]></system-err>
  </testcase>
  <testcase name="Verify User can write a review on order placed" classname="Retail Order Page" time="29.782">
    <system-out><![CDATA[
@test
Scenario: Verify User can write a review on order placed                         # features/RetailOrder.feature:52
{browser=chrome, headless=false, url=https://tek-retail-ui.azurewebsites.net/}
 INFO [main] (SignInSteps.java:28)- user is on retail website
 INFO [main] (SignInSteps.java:29)- Actual Title React App Equals  ExpectedTitle React App
  Given User is on retail website                                                # tek.sdet.framework.steps.SignInSteps.userIsOnRetailWebsite()
 INFO [main] (SignInSteps.java:36)- User clicked on Sign in option
  When User click on Sign in option                                              # tek.sdet.framework.steps.SignInSteps.userClickOnSignIn()
 INFO [main] (SignInSteps.java:51)- User entered email khris@gmail.com and password 1234@Qwer
  And User enter email 'khris@gmail.com' and password '1234@Qwer'                # tek.sdet.framework.steps.SignInSteps.userEnterEmailAndPassword(java.lang.String,java.lang.String)
 INFO [main] (SignInSteps.java:57)- User clicked on login button
  And User click on login button                                                 # tek.sdet.framework.steps.SignInSteps.userClickOnLoginBtn()
 INFO [main] (SignInSteps.java:63)- User should be logged in into Account
  And User should be logged in into Account                                      # tek.sdet.framework.steps.SignInSteps.userLoggedIntoAccount()
 INFO [main] (HomeSteps.java:83)- User changed the category to Electronics
  And User change the category to 'Electronics'                                  # tek.sdet.framework.steps.HomeSteps.userChangeTheCategoryTo(java.lang.String)
 INFO [main] (HomeSteps.java:89)- User searched for an item Apex Legends
  And User search for an item 'Apex Legends'                                     # tek.sdet.framework.steps.HomeSteps.userSearchForAnItem(java.lang.String)
 INFO [main] (HomeSteps.java:95)- User clicked on Search icon
  And User click on Search icon                                                  # tek.sdet.framework.steps.HomeSteps.userClickOnSearchIcon()
 INFO [main] (HomeSteps.java:101)- User clicked on item
  And User click on item                                                         # tek.sdet.framework.steps.HomeSteps.userClickOnItem()
 INFO [main] (HomeSteps.java:107)- User select quantity2
  And User select quantity '2'                                                   # tek.sdet.framework.steps.HomeSteps.userSelectQuantity(java.lang.String)
 INFO [main] (HomeSteps.java:114)- User clicked add to Cart button
  And User click add to Cart button                                              # tek.sdet.framework.steps.HomeSteps.userclickAddToCartButton()
 INFO [main] (HomeSteps.java:121)- There are 2 in the cart, and it should be 2
  Then The cart icon quantity should change to '2'                               # tek.sdet.framework.steps.HomeSteps.theCartIconQuantityShouldChangeTo(java.lang.String)
 INFO [main] (HomeSteps.java:127)- User clicked on Cart option
  And User click on Cart option                                                  # tek.sdet.framework.steps.HomeSteps.userClickOnCartOption()
 INFO [main] (HomeSteps.java:132)- User clicked on Proceed to Checkout button
  And User click on Proceed to Checkout button                                   # tek.sdet.framework.steps.HomeSteps.userClickOnProceedToCheckoutButton()
 INFO [main] (HomeSteps.java:137)- User clicked Add a new address link for shipping address
  And User click Add a new address link for shipping address                     # tek.sdet.framework.steps.HomeSteps.userClickAddANewAddressLinkForShippingAddress()
 INFO [main] (RetailAccountSteps.java:204)- User filled new address form
  And User fill new address form with below information                          # tek.sdet.framework.steps.RetailAccountSteps.userFillNewAddressFormWithBelowInformation(io.cucumber.datatable.DataTable)
    | country | fullName | phoneNumber | streetAddress | apt | city | state | zipCode |
 INFO [main] (RetailAccountSteps.java:229)- User clicked Add Your Address button
  And User click Add Your Address button                                         # tek.sdet.framework.steps.RetailAccountSteps.userClickAddYourAddressButton()
 INFO [main] (HomeSteps.java:142)- User clicked Add a credit card or Debit Card for Payment method
  And User click Add a credit card or Debit Card for Payment method              # tek.sdet.framework.steps.HomeSteps.userClickAddACreditCardOrDebitCardForPaymentMethod()
 INFO [main] (RetailAccountSteps.java:98)- User filled Debit or credit card information
  And User fill Debit or credit card information                                 # tek.sdet.framework.steps.RetailAccountSteps.userFillDebitOrCreditCardInfo(io.cucumber.datatable.DataTable)
    | cardNumber | nameOnCard | expirationMonth | expirationYear | securityCode |
    | cardNumber | fullName   | 6               | 2023           | securityCode |
 INFO [main] (RetailAccountSteps.java:104)- User clicked on Add your card button
  And User click on Add your card button                                         # tek.sdet.framework.steps.RetailAccountSteps.userClickOnAddYourCardBtn()
 INFO [main] (HomeSteps.java:147)- User clicked on Place Your Order
  And User click on Place Your Order                                             # tek.sdet.framework.steps.HomeSteps.userClickOnPlaceYourOrder()
 INFO [main] (HomeSteps.java:147)- User clicked on Place Your Order
  And User click on Place Your Order                                             # tek.sdet.framework.steps.HomeSteps.userClickOnPlaceYourOrder()
 INFO [main] (HomeSteps.java:152)- A message should be displayed ‘Order Placed, Thanks’
  Then A message should be displayed â€˜Order Placed, Thanksâ€™                      # tek.sdet.framework.steps.HomeSteps.aMessageShouldBeDisplayedOrderPlacedThanks()
 INFO [main] (RetailOrderSteps.java:23)- User clicked on Orders section
  And User click on Orders section                                               # tek.sdet.framework.steps.RetailOrderSteps.userClickOnOrdersSection()
 INFO [main] (RetailOrderSteps.java:98)- User clicked on Review button
  And User click on Review button                                                # tek.sdet.framework.steps.RetailOrderSteps.userClickOnReviewButton()
 INFO [main] (RetailOrderSteps.java:105)- User wrote Review headlineheadline valueand text review text
  And User write Review headline 'headline value' and 'review text'              # tek.sdet.framework.steps.RetailOrderSteps.userWriteReviewHeadlineHeadlineValueAndReviewText(java.lang.String,java.lang.String)
 INFO [main] (RetailOrderSteps.java:112)- User clicked Add your Review button
  And User click Add your Review button                                          # tek.sdet.framework.steps.RetailOrderSteps.userClickAddYourReviewButton()
 INFO [main] (RetailOrderSteps.java:119)- A review message should be displayed ‘Your review was added successfully’
  Then A review message should be displayed â€˜Your review was added successfullyâ€™ # tek.sdet.framework.steps.RetailOrderSteps.aReviewMessageShouldBeDisplayedYourReviewWasAddedSuccessfully()
]]></system-out>
    <system-err><![CDATA[Starting ChromeDriver 110.0.5481.77 (65ed616c6e8ee3fe0ad64fe83796c020644d42af-refs/branch-heads/5481@{#839}) on port 62773
Only local connections are allowed.
Please see https://chromedriver.chromium.org/security-considerations for suggestions on keeping ChromeDriver safe.
ChromeDriver was started successfully.
[1677363993.922][WARNING]: virtual void DevToolsClientImpl::AddListener(DevToolsEventListener *) subscribing a listener to the already connected DevToolsClient. Connection notification will not arrive.
Feb 25, 2023 5:26:33 PM org.openqa.selenium.remote.ProtocolHandshake createSession
INFO: Detected upstream dialect: W3C
Feb 25, 2023 5:26:33 PM org.openqa.selenium.devtools.CdpVersionFinder findNearestMatch
WARNING: Unable to find an exact match for CDP version 110, so returning the closest version found: a no-op implementation
Feb 25, 2023 5:26:33 PM org.openqa.selenium.devtools.CdpVersionFinder findNearestMatch
INFO: Unable to find CDP implementation matching 110.
Feb 25, 2023 5:26:33 PM org.openqa.selenium.chromium.ChromiumDriver lambda$new$3
WARNING: Unable to find version of CDP to use for . You may need to include a dependency on a specific version of the CDP using something similar to `org.seleniumhq.selenium:selenium-devtools-v86:4.4.0` where the version ("v86") matches the version of the chromium-based browser you're using and the version number of the artifact is the same as Selenium's.
]]></system-err>
  </testcase>
  <testcase name="Verify user can sign in into Retail Application" classname="Sign In Feature" time="1.584">
    <system-out><![CDATA[
@test
Scenario: Verify user can sign in into Retail Application         # features/SignIn.feature:8
{browser=chrome, headless=false, url=https://tek-retail-ui.azurewebsites.net/}
 INFO [main] (SignInSteps.java:28)- user is on retail website
 INFO [main] (SignInSteps.java:29)- Actual Title React App Equals  ExpectedTitle React App
  Given User is on retail website                                 # tek.sdet.framework.steps.SignInSteps.userIsOnRetailWebsite()
 INFO [main] (SignInSteps.java:36)- User clicked on Sign in option
  When User click on Sign in option                               # tek.sdet.framework.steps.SignInSteps.userClickOnSignIn()
 INFO [main] (SignInSteps.java:51)- User entered email khris@gmail.com and password 1234@Qwer
  And User enter email 'khris@gmail.com' and password '1234@Qwer' # tek.sdet.framework.steps.SignInSteps.userEnterEmailAndPassword(java.lang.String,java.lang.String)
 INFO [main] (SignInSteps.java:57)- User clicked on login button
  And User click on login button                                  # tek.sdet.framework.steps.SignInSteps.userClickOnLoginBtn()
 INFO [main] (SignInSteps.java:63)- User should be logged in into Account
  Then User should be logged in into Account                      # tek.sdet.framework.steps.SignInSteps.userLoggedIntoAccount()
]]></system-out>
    <system-err><![CDATA[Starting ChromeDriver 110.0.5481.77 (65ed616c6e8ee3fe0ad64fe83796c020644d42af-refs/branch-heads/5481@{#839}) on port 51113
Only local connections are allowed.
Please see https://chromedriver.chromium.org/security-considerations for suggestions on keeping ChromeDriver safe.
ChromeDriver was started successfully.
[1677364023.724][WARNING]: virtual void DevToolsClientImpl::AddListener(DevToolsEventListener *) subscribing a listener to the already connected DevToolsClient. Connection notification will not arrive.
Feb 25, 2023 5:27:03 PM org.openqa.selenium.remote.ProtocolHandshake createSession
INFO: Detected upstream dialect: W3C
Feb 25, 2023 5:27:03 PM org.openqa.selenium.devtools.CdpVersionFinder findNearestMatch
WARNING: Unable to find an exact match for CDP version 110, so returning the closest version found: a no-op implementation
Feb 25, 2023 5:27:03 PM org.openqa.selenium.devtools.CdpVersionFinder findNearestMatch
INFO: Unable to find CDP implementation matching 110.
Feb 25, 2023 5:27:03 PM org.openqa.selenium.chromium.ChromiumDriver lambda$new$3
WARNING: Unable to find version of CDP to use for . You may need to include a dependency on a specific version of the CDP using something similar to `org.seleniumhq.selenium:selenium-devtools-v86:4.4.0` where the version ("v86") matches the version of the chromium-based browser you're using and the version number of the artifact is the same as Selenium's.
]]></system-err>
  </testcase>
  <testcase name="Verify user can create an account into Retail Website" classname="Sign In Feature" time="1.919">
    <system-out><![CDATA[
@test
Scenario: Verify user can create an account into Retail Website # features/SignIn.feature:13
{browser=chrome, headless=false, url=https://tek-retail-ui.azurewebsites.net/}
 INFO [main] (SignInSteps.java:28)- user is on retail website
 INFO [main] (SignInSteps.java:29)- Actual Title React App Equals  ExpectedTitle React App
  Given User is on retail website                               # tek.sdet.framework.steps.SignInSteps.userIsOnRetailWebsite()
 INFO [main] (SignInSteps.java:36)- User clicked on Sign in option
  When User click on Sign in option                             # tek.sdet.framework.steps.SignInSteps.userClickOnSignIn()
 INFO [main] (SignInSteps.java:69)- User clickeded on Create New Account button
  And User click on Create New Account button                   # tek.sdet.framework.steps.SignInSteps.userClickOnCreateAccountBtn()
 INFO [main] (SignInSteps.java:98)- user filled the signUp information form
  And User fill the signUp information with below data          # tek.sdet.framework.steps.SignInSteps.userFillTheSignUpInformationWithBelowData(io.cucumber.datatable.DataTable)
    | name     | email | password | confirmPassword |
    | fullName | email | password | password        |
 INFO [main] (SignInSteps.java:104)- User clicked on SignUp button
  And User click on SignUp button                               # tek.sdet.framework.steps.SignInSteps.userClickSignUpBtn()
 INFO [main] (SignInSteps.java:110)- User should be logged into account page
  Then User should be logged into account page                  # tek.sdet.framework.steps.SignInSteps.userLoggedIntoAccountPage()
]]></system-out>
    <system-err><![CDATA[Starting ChromeDriver 110.0.5481.77 (65ed616c6e8ee3fe0ad64fe83796c020644d42af-refs/branch-heads/5481@{#839}) on port 65066
Only local connections are allowed.
Please see https://chromedriver.chromium.org/security-considerations for suggestions on keeping ChromeDriver safe.
ChromeDriver was started successfully.
[1677364025.277][WARNING]: virtual void DevToolsClientImpl::AddListener(DevToolsEventListener *) subscribing a listener to the already connected DevToolsClient. Connection notification will not arrive.
Feb 25, 2023 5:27:05 PM org.openqa.selenium.remote.ProtocolHandshake createSession
INFO: Detected upstream dialect: W3C
Feb 25, 2023 5:27:05 PM org.openqa.selenium.devtools.CdpVersionFinder findNearestMatch
WARNING: Unable to find an exact match for CDP version 110, so returning the closest version found: a no-op implementation
Feb 25, 2023 5:27:05 PM org.openqa.selenium.devtools.CdpVersionFinder findNearestMatch
INFO: Unable to find CDP implementation matching 110.
Feb 25, 2023 5:27:05 PM org.openqa.selenium.chromium.ChromiumDriver lambda$new$3
WARNING: Unable to find version of CDP to use for . You may need to include a dependency on a specific version of the CDP using something similar to `org.seleniumhq.selenium:selenium-devtools-v86:4.4.0` where the version ("v86") matches the version of the chromium-based browser you're using and the version number of the artifact is the same as Selenium's.
]]></system-err>
  </testcase>
</testsuite>