<?xml version="1.0" encoding="UTF-8"?>
<testsuite xmlns:xsi="http://www.w3.org/2001/XMLSchema-instance" xsi:noNamespaceSchemaLocation="https://maven.apache.org/surefire/maven-surefire-plugin/xsd/surefire-test-report-3.0.xsd" version="3.0" name="tek.sdet.framework.runner.TestRunner" time="7.31" tests="2" errors="0" skipped="0" failures="2">
  <properties>
[...]
</properties>
  <testcase name="Verify User can remove Debit or Credit card" classname="Retail Account Page" time="3.347">
    <failure type="java.lang.AssertionError"><![CDATA[java.lang.AssertionError
	at org.junit.Assert.fail(Assert.java:87)
	at org.junit.Assert.assertTrue(Assert.java:42)
	at org.junit.Assert.assertFalse(Assert.java:65)
	at org.junit.Assert.assertFalse(Assert.java:75)
	at tek.sdet.framework.steps.RetailAccountSteps.paymentDetailsShouldBeRemoved(RetailAccountSteps.java:150)
	at ✽.Payment details should be removed(classpath:features/RetailAccount.feature:55)
]]></failure>
    <system-out><![CDATA[
@test
Scenario: Verify User can remove Debit or Credit card                # features/RetailAccount.feature:47
{browser=chrome, headless=false, url=https://tek-retail-ui.azurewebsites.net/}
 INFO [main] (SignInSteps.java:27)- user is on retail website
 INFO [main] (SignInSteps.java:28)- Actual Title React App Equals  ExpectedTitle React App
  Given User is on retail website                                    # tek.sdet.framework.steps.SignInSteps.userIsOnRetailWebsite()
 INFO [main] (SignInSteps.java:35)- User clicked on Sign in option
  When User click on Sign in option                                  # tek.sdet.framework.steps.SignInSteps.userClickOnSignIn()
 INFO [main] (SignInSteps.java:42)- User entered email ChrisMal@gmail.com and password 1234@Qwer
  And User enter email 'ChrisMal@gmail.com' and password '1234@Qwer' # tek.sdet.framework.steps.SignInSteps.userEnterEmailAndPassword(java.lang.String,java.lang.String)
 INFO [main] (SignInSteps.java:48)- User clicked on login button
  And User click on login button                                     # tek.sdet.framework.steps.SignInSteps.userClickOnLoginBtn()
 INFO [main] (SignInSteps.java:54)- User should be logged in into Account
  And User should be logged in into Account                          # tek.sdet.framework.steps.SignInSteps.userLoggedIntoAccount()
 INFO [main] (RetailAccountSteps.java:24)- user clicked on Account option
  When User click on Account option                                  # tek.sdet.framework.steps.RetailAccountSteps.userClickOnAccountOption()
 INFO [main] (RetailAccountSteps.java:76)- User clicked on Add a payment method link
  And User click on Add a payment method link                        # tek.sdet.framework.steps.RetailAccountSteps.userClickOnAddPaymentMethodLink()
 INFO [main] (RetailAccountSteps.java:87)- User filled Debit or credit card information
  And User fill Debit or credit card information                     # tek.sdet.framework.steps.RetailAccountSteps.userFillDebitOrCreditCardInfo(io.cucumber.datatable.DataTable)
    | cardNumber       | nameOnCard | expirationMonth | expirationYear | securityCode |
    | 1434567831254882 | Chris Mal  | 6               | 2023           | 223          |
 INFO [main] (RetailAccountSteps.java:93)- User clicked on Add your card button
  And User click on Add your card button                             # tek.sdet.framework.steps.RetailAccountSteps.userClickOnAddYourCardBtn()
 INFO [main] (RetailAccountSteps.java:145)- User clicked on remove option of card section
  And User click on remove option of card section                    # tek.sdet.framework.steps.RetailAccountSteps.userClickOnRemoveOptionOfCardSection()
  Then Payment details should be removed                             # tek.sdet.framework.steps.RetailAccountSteps.paymentDetailsShouldBeRemoved()
      java.lang.AssertionError
	at org.junit.Assert.fail(Assert.java:87)
	at org.junit.Assert.assertTrue(Assert.java:42)
	at org.junit.Assert.assertFalse(Assert.java:65)
	at org.junit.Assert.assertFalse(Assert.java:75)
	at tek.sdet.framework.steps.RetailAccountSteps.paymentDetailsShouldBeRemoved(RetailAccountSteps.java:150)
	at âœ½.Payment details should be removed(classpath:features/RetailAccount.feature:55)


    Embedding Verify User can remove Debit or Credit cardscenario failed [image/png 120532 bytes]

]]></system-out>
    <system-err><![CDATA[SLF4J: Failed to load class "org.slf4j.impl.StaticLoggerBinder".
SLF4J: Defaulting to no-operation (NOP) logger implementation
SLF4J: See http://www.slf4j.org/codes.html#StaticLoggerBinder for further details.
ERROR StatusLogger Log4j2 could not find a logging implementation. Please add log4j-core to the classpath. Using SimpleLogger to log to the console...
Starting ChromeDriver 109.0.5414.74 (e7c5703604daa9cc128ccf5a5d3e993513758913-refs/branch-heads/5414@{#1172}) on port 59034
Only local connections are allowed.
Please see https://chromedriver.chromium.org/security-considerations for suggestions on keeping ChromeDriver safe.
ChromeDriver was started successfully.
Feb 16, 2023 4:33:49 PM org.openqa.selenium.remote.ProtocolHandshake createSession
INFO: Detected upstream dialect: W3C
Feb 16, 2023 4:33:49 PM org.openqa.selenium.devtools.CdpVersionFinder findNearestMatch
WARNING: Unable to find an exact match for CDP version 109, so returning the closest version found: a no-op implementation
Feb 16, 2023 4:33:49 PM org.openqa.selenium.devtools.CdpVersionFinder findNearestMatch
INFO: Unable to find CDP implementation matching 109.
Feb 16, 2023 4:33:49 PM org.openqa.selenium.chromium.ChromiumDriver lambda$new$3
WARNING: Unable to find version of CDP to use for . You may need to include a dependency on a specific version of the CDP using something similar to `org.seleniumhq.selenium:selenium-devtools-v86:4.4.0` where the version ("v86") matches the version of the chromium-based browser you're using and the version number of the artifact is the same as Selenium's.
Feb 16, 2023 4:33:51 PM org.openqa.selenium.remote.http.WebSocket$Listener onError
WARNING: Connection reset
java.net.SocketException: Connection reset
	at java.base/sun.nio.ch.SocketChannelImpl.throwConnectionReset(SocketChannelImpl.java:394)
	at java.base/sun.nio.ch.SocketChannelImpl.read(SocketChannelImpl.java:426)
	at io.netty.buffer.PooledByteBuf.setBytes(PooledByteBuf.java:258)
	at io.netty.buffer.AbstractByteBuf.writeBytes(AbstractByteBuf.java:1132)
	at io.netty.channel.socket.nio.NioSocketChannel.doReadBytes(NioSocketChannel.java:357)
	at io.netty.channel.nio.AbstractNioByteChannel$NioByteUnsafe.read(AbstractNioByteChannel.java:151)
	at io.netty.channel.nio.NioEventLoop.processSelectedKey(NioEventLoop.java:722)
	at io.netty.channel.nio.NioEventLoop.processSelectedKeysOptimized(NioEventLoop.java:658)
	at io.netty.channel.nio.NioEventLoop.processSelectedKeys(NioEventLoop.java:584)
	at io.netty.channel.nio.NioEventLoop.run(NioEventLoop.java:496)
	at io.netty.util.concurrent.SingleThreadEventExecutor$4.run(SingleThreadEventExecutor.java:997)
	at io.netty.util.internal.ThreadExecutorMap$2.run(ThreadExecutorMap.java:74)
	at io.netty.util.concurrent.FastThreadLocalRunnable.run(FastThreadLocalRunnable.java:30)
	at java.base/java.lang.Thread.run(Thread.java:833)

]]></system-err>
  </testcase>
  <testcase name="Verify User can remove Address from Account" classname="Retail Account Page" time="3.507">
    <failure type="java.lang.AssertionError"><![CDATA[java.lang.AssertionError
	at org.junit.Assert.fail(Assert.java:87)
	at org.junit.Assert.assertTrue(Assert.java:42)
	at org.junit.Assert.assertFalse(Assert.java:65)
	at org.junit.Assert.assertFalse(Assert.java:75)
	at tek.sdet.framework.steps.RetailAccountSteps.addressDetailsShouldBeRemoved(RetailAccountSteps.java:225)
	at ✽.Address details should be removed(classpath:features/RetailAccount.feature:91)
]]></failure>
    <system-out><![CDATA[
@test
Scenario: Verify User can remove Address from Account                # features/RetailAccount.feature:82
{browser=chrome, headless=false, url=https://tek-retail-ui.azurewebsites.net/}
 INFO [main] (SignInSteps.java:27)- user is on retail website
 INFO [main] (SignInSteps.java:28)- Actual Title React App Equals  ExpectedTitle React App
  Given User is on retail website                                    # tek.sdet.framework.steps.SignInSteps.userIsOnRetailWebsite()
 INFO [main] (SignInSteps.java:35)- User clicked on Sign in option
  When User click on Sign in option                                  # tek.sdet.framework.steps.SignInSteps.userClickOnSignIn()
 INFO [main] (SignInSteps.java:42)- User entered email ChrisMal@gmail.com and password 1234@Qwer
  And User enter email 'ChrisMal@gmail.com' and password '1234@Qwer' # tek.sdet.framework.steps.SignInSteps.userEnterEmailAndPassword(java.lang.String,java.lang.String)
 INFO [main] (SignInSteps.java:48)- User clicked on login button
  And User click on login button                                     # tek.sdet.framework.steps.SignInSteps.userClickOnLoginBtn()
 INFO [main] (SignInSteps.java:54)- User should be logged in into Account
  And User should be logged in into Account                          # tek.sdet.framework.steps.SignInSteps.userLoggedIntoAccount()
 INFO [main] (RetailAccountSteps.java:24)- user clicked on Account option
  When User click on Account option                                  # tek.sdet.framework.steps.RetailAccountSteps.userClickOnAccountOption()
 INFO [main] (RetailAccountSteps.java:158)- User clicked on Add address option
  And User click on Add address option                               # tek.sdet.framework.steps.RetailAccountSteps.userClickOnAddAddressOption()
 INFO [main] (RetailAccountSteps.java:178)- User filled new address form
  And User fill new address form with below information              # tek.sdet.framework.steps.RetailAccountSteps.userFillNewAddressFormWithBelowInformation(io.cucumber.datatable.DataTable)
    | country        | fullName  | phoneNumber | streetAddress | apt | city   | state     | zipCode |
    | United Kingdom | Chris Mal | 1231231212  | Down          | 12  | London | Berkshire | 12345   |
 INFO [main] (RetailAccountSteps.java:185)- User clicked Add Your Address button
  And User click Add Your Address button                             # tek.sdet.framework.steps.RetailAccountSteps.userClickAddYourAddressButton()
 INFO [main] (RetailAccountSteps.java:192)- A message should be displayed ‘Address Added Successfully’
  Then A message should be displayed â€˜Address Added Successfullyâ€™    # tek.sdet.framework.steps.RetailAccountSteps.aMessageShouldBeDisplayedAddressAddedSuccessfully()
 INFO [main] (RetailAccountSteps.java:219)- User clicked on remove option of Address section
  And User click on remove option of Address section                 # tek.sdet.framework.steps.RetailAccountSteps.userClickOnRemoveOptionOfAddressSection()
  Then Address details should be removed                             # tek.sdet.framework.steps.RetailAccountSteps.addressDetailsShouldBeRemoved()
      java.lang.AssertionError
	at org.junit.Assert.fail(Assert.java:87)
	at org.junit.Assert.assertTrue(Assert.java:42)
	at org.junit.Assert.assertFalse(Assert.java:65)
	at org.junit.Assert.assertFalse(Assert.java:75)
	at tek.sdet.framework.steps.RetailAccountSteps.addressDetailsShouldBeRemoved(RetailAccountSteps.java:225)
	at âœ½.Address details should be removed(classpath:features/RetailAccount.feature:91)


    Embedding Verify User can remove Address from Accountscenario failed [image/png 101346 bytes]

]]></system-out>
    <system-err><![CDATA[Starting ChromeDriver 109.0.5414.74 (e7c5703604daa9cc128ccf5a5d3e993513758913-refs/branch-heads/5414@{#1172}) on port 62511
Only local connections are allowed.
Please see https://chromedriver.chromium.org/security-considerations for suggestions on keeping ChromeDriver safe.
ChromeDriver was started successfully.
Feb 16, 2023 4:33:52 PM org.openqa.selenium.remote.ProtocolHandshake createSession
INFO: Detected upstream dialect: W3C
Feb 16, 2023 4:33:52 PM org.openqa.selenium.devtools.CdpVersionFinder findNearestMatch
WARNING: Unable to find an exact match for CDP version 109, so returning the closest version found: a no-op implementation
Feb 16, 2023 4:33:52 PM org.openqa.selenium.devtools.CdpVersionFinder findNearestMatch
INFO: Unable to find CDP implementation matching 109.
Feb 16, 2023 4:33:52 PM org.openqa.selenium.chromium.ChromiumDriver lambda$new$3
WARNING: Unable to find version of CDP to use for . You may need to include a dependency on a specific version of the CDP using something similar to `org.seleniumhq.selenium:selenium-devtools-v86:4.4.0` where the version ("v86") matches the version of the chromium-based browser you're using and the version number of the artifact is the same as Selenium's.
]]></system-err>
  </testcase>
</testsuite>